TN:
SF:app/+not-found.tsx
FN:5,NotFoundScreen
FNF:1
FNH:0
FNDA:0,NotFoundScreen
DA:1,0
DA:2,0
DA:3,0
DA:5,0
DA:6,0
DA:20,0
LF:6
LH:0
BRF:0
BRH:0
end_of_record
TN:
SF:app/_layout.tsx
FN:16,RootLayout
FN:21,(anonymous_11)
FN:28,(anonymous_12)
FN:30,(anonymous_13)
FN:36,(anonymous_14)
FNF:5
FNH:0
FNDA:0,RootLayout
FNDA:0,(anonymous_11)
FNDA:0,(anonymous_12)
FNDA:0,(anonymous_13)
FNDA:0,(anonymous_14)
DA:1,0
DA:2,0
DA:3,0
DA:4,0
DA:5,0
DA:6,0
DA:7,0
DA:8,0
DA:10,0
DA:14,0
DA:16,0
DA:17,0
DA:21,0
DA:22,0
DA:23,0
DA:24,0
DA:28,0
DA:29,0
DA:30,0
DA:31,0
DA:36,0
DA:37,0
DA:38,0
DA:39,0
DA:43,0
DA:44,0
DA:47,0
LF:27
LH:0
BRDA:22,0,0,0
BRDA:29,1,0,0
BRDA:37,2,0,0
BRDA:43,3,0,0
BRF:4
BRH:0
end_of_record
TN:
SF:app/add-expense.tsx
FN:30,AddExpenseScreen
FN:42,(anonymous_2)
FN:92,(anonymous_3)
FN:101,(anonymous_4)
FN:111,(anonymous_5)
FN:120,(anonymous_6)
FN:172,(anonymous_7)
FN:193,(anonymous_8)
FN:230,(anonymous_9)
FN:235,(anonymous_10)
FN:250,(anonymous_11)
FN:250,(anonymous_12)
FN:257,(anonymous_13)
FNF:13
FNH:0
FNDA:0,AddExpenseScreen
FNDA:0,(anonymous_2)
FNDA:0,(anonymous_3)
FNDA:0,(anonymous_4)
FNDA:0,(anonymous_5)
FNDA:0,(anonymous_6)
FNDA:0,(anonymous_7)
FNDA:0,(anonymous_8)
FNDA:0,(anonymous_9)
FNDA:0,(anonymous_10)
FNDA:0,(anonymous_11)
FNDA:0,(anonymous_12)
FNDA:0,(anonymous_13)
DA:1,0
DA:2,0
DA:15,0
DA:16,0
DA:17,0
DA:18,0
DA:19,0
DA:20,0
DA:21,0
DA:22,0
DA:30,0
DA:31,0
DA:32,0
DA:34,0
DA:35,0
DA:36,0
DA:37,0
DA:38,0
DA:39,0
DA:40,0
DA:42,0
DA:44,0
DA:45,0
DA:46,0
DA:49,0
DA:50,0
DA:51,0
DA:55,0
DA:59,0
DA:60,0
DA:64,0
DA:67,0
DA:69,0
DA:71,0
DA:72,0
DA:75,0
DA:76,0
DA:79,0
DA:89,0
DA:92,0
DA:95,0
DA:97,0
DA:101,0
DA:102,0
DA:103,0
DA:111,0
DA:116,0
DA:120,0
DA:122,0
DA:125,0
DA:126,0
DA:127,0
DA:131,0
DA:132,0
DA:135,0
DA:138,0
DA:172,0
DA:193,0
DA:230,0
DA:235,0
DA:250,0
DA:251,0
DA:258,0
DA:259,0
DA:300,0
LF:65
LH:0
BRDA:44,0,0,0
BRDA:50,1,0,0
BRDA:50,2,0,0
BRDA:50,2,1,0
BRDA:50,2,2,0
BRDA:59,3,0,0
BRDA:59,4,0,0
BRDA:59,4,1,0
BRDA:75,5,0,0
BRDA:102,6,0,0
BRDA:102,6,1,0
BRDA:102,7,0,0
BRDA:102,7,1,0
BRDA:126,8,0,0
BRDA:131,9,0,0
BRDA:131,10,0,0
BRDA:131,10,1,0
BRDA:142,11,0,0
BRDA:142,11,1,0
BRDA:210,12,0,0
BRDA:210,12,1,0
BRDA:255,13,0,0
BRDA:255,13,1,0
BRDA:266,14,0,0
BRDA:266,14,1,0
BRDA:291,15,0,0
BRDA:291,15,1,0
BRDA:291,15,2,0
BRDA:477,16,0,0
BRDA:477,16,1,0
BRF:30
BRH:0
end_of_record
TN:
SF:app/add-income.tsx
FN:25,AddIncomeScreen
FN:35,(anonymous_2)
FN:77,(anonymous_3)
FN:86,(anonymous_4)
FN:96,(anonymous_5)
FN:105,(anonymous_6)
FN:165,(anonymous_7)
FNF:7
FNH:0
FNDA:0,AddIncomeScreen
FNDA:0,(anonymous_2)
FNDA:0,(anonymous_3)
FNDA:0,(anonymous_4)
FNDA:0,(anonymous_5)
FNDA:0,(anonymous_6)
FNDA:0,(anonymous_7)
DA:1,0
DA:2,0
DA:13,0
DA:14,0
DA:15,0
DA:16,0
DA:17,0
DA:18,0
DA:25,0
DA:26,0
DA:27,0
DA:29,0
DA:30,0
DA:31,0
DA:32,0
DA:33,0
DA:35,0
DA:37,0
DA:38,0
DA:39,0
DA:42,0
DA:43,0
DA:44,0
DA:48,0
DA:52,0
DA:53,0
DA:54,0
DA:58,0
DA:61,0
DA:63,0
DA:64,0
DA:74,0
DA:77,0
DA:80,0
DA:82,0
DA:86,0
DA:87,0
DA:88,0
DA:96,0
DA:101,0
DA:105,0
DA:107,0
DA:110,0
DA:111,0
DA:112,0
DA:116,0
DA:117,0
DA:120,0
DA:123,0
DA:165,0
DA:241,0
LF:51
LH:0
BRDA:37,0,0,0
BRDA:43,1,0,0
BRDA:43,2,0,0
BRDA:43,2,1,0
BRDA:43,2,2,0
BRDA:53,3,0,0
BRDA:87,4,0,0
BRDA:87,4,1,0
BRDA:87,5,0,0
BRDA:87,5,1,0
BRDA:111,6,0,0
BRDA:116,7,0,0
BRDA:116,8,0,0
BRDA:116,8,1,0
BRDA:127,9,0,0
BRDA:127,9,1,0
BRDA:195,10,0,0
BRDA:195,10,1,0
BRDA:208,11,0,0
BRDA:208,11,1,0
BRDA:232,12,0,0
BRDA:232,12,1,0
BRDA:232,12,2,0
BRDA:373,13,0,0
BRDA:373,13,1,0
BRF:25
BRH:0
end_of_record
TN:
SF:app/modal.tsx
FN:5,ModalScreen
FNF:1
FNH:0
FNDA:0,ModalScreen
DA:1,0
DA:2,0
DA:3,0
DA:5,0
DA:6,0
DA:18,0
LF:6
LH:0
BRDA:13,0,0,0
BRDA:13,0,1,0
BRF:2
BRH:0
end_of_record
TN:
SF:app/(tabs)/_layout.tsx
FN:19,StatusBarManager
FN:22,(anonymous_2)
FN:51,TabLayoutContent
FN:131,(anonymous_4)
FN:147,(anonymous_5)
FN:163,(anonymous_6)
FN:179,(anonymous_7)
FN:195,(anonymous_8)
FN:209,TabLayout
FNF:9
FNH:0
FNDA:0,StatusBarManager
FNDA:0,(anonymous_2)
FNDA:0,TabLayoutContent
FNDA:0,(anonymous_4)
FNDA:0,(anonymous_5)
FNDA:0,(anonymous_6)
FNDA:0,(anonymous_7)
FNDA:0,(anonymous_8)
FNDA:0,TabLayout
DA:1,0
DA:2,0
DA:3,0
DA:4,0
DA:5,0
DA:6,0
DA:7,0
DA:8,0
DA:9,0
DA:10,0
DA:11,0
DA:12,0
DA:13,0
DA:14,0
DA:15,0
DA:16,0
DA:17,0
DA:20,0
DA:22,0
DA:23,0
DA:24,0
DA:29,0
DA:30,0
DA:38,0
DA:39,0
DA:42,0
DA:52,0
DA:53,0
DA:54,0
DA:55,0
DA:56,0
DA:59,0
DA:60,0
DA:63,0
DA:64,0
DA:65,0
DA:68,0
DA:75,0
DA:132,0
DA:148,0
DA:164,0
DA:180,0
DA:196,0
DA:209,0
DA:210,0
LF:45
LH:0
BRDA:23,0,0,0
BRDA:25,1,0,0
BRDA:25,1,1,0
BRDA:29,2,0,0
BRDA:31,3,0,0
BRDA:31,3,1,0
BRDA:38,4,0,0
BRDA:44,5,0,0
BRDA:44,5,1,0
BRDA:45,6,0,0
BRDA:45,6,1,0
BRDA:110,7,0,0
BRDA:110,7,1,0
BRDA:117,8,0,0
BRDA:117,8,1,0
BRDA:135,9,0,0
BRDA:135,9,1,0
BRDA:151,10,0,0
BRDA:151,10,1,0
BRDA:167,11,0,0
BRDA:167,11,1,0
BRDA:183,12,0,0
BRDA:183,12,1,0
BRDA:199,13,0,0
BRDA:199,13,1,0
BRF:25
BRH:0
end_of_record
TN:
SF:app/(tabs)/banking.tsx
FN:48,BankingScreen
FN:69,(anonymous_11)
FN:77,(anonymous_12)
FN:79,(anonymous_13)
FN:80,(anonymous_14)
FN:83,(anonymous_15)
FN:85,(anonymous_16)
FN:86,(anonymous_17)
FN:89,(anonymous_18)
FN:91,(anonymous_19)
FN:92,(anonymous_20)
FN:95,(anonymous_21)
FN:104,(anonymous_22)
FN:125,(anonymous_23)
FN:143,(anonymous_24)
FN:154,(anonymous_25)
FN:172,(anonymous_26)
FN:183,(anonymous_27)
FN:192,(anonymous_28)
FN:207,(anonymous_29)
FN:216,(anonymous_30)
FN:231,(anonymous_31)
FN:238,(anonymous_32)
FN:243,(anonymous_33)
FN:243,(anonymous_34)
FN:339,(anonymous_35)
FN:354,(anonymous_36)
FN:401,(anonymous_37)
FN:416,(anonymous_38)
FN:419,(anonymous_39)
FN:475,(anonymous_40)
FN:485,(anonymous_41)
FN:501,(anonymous_42)
FN:516,(anonymous_43)
FN:519,(anonymous_44)
FN:580,(anonymous_45)
FN:587,(anonymous_46)
FN:594,(anonymous_47)
FN:606,(anonymous_48)
FN:612,(anonymous_49)
FNF:40
FNH:0
FNDA:0,BankingScreen
FNDA:0,(anonymous_11)
FNDA:0,(anonymous_12)
FNDA:0,(anonymous_13)
FNDA:0,(anonymous_14)
FNDA:0,(anonymous_15)
FNDA:0,(anonymous_16)
FNDA:0,(anonymous_17)
FNDA:0,(anonymous_18)
FNDA:0,(anonymous_19)
FNDA:0,(anonymous_20)
FNDA:0,(anonymous_21)
FNDA:0,(anonymous_22)
FNDA:0,(anonymous_23)
FNDA:0,(anonymous_24)
FNDA:0,(anonymous_25)
FNDA:0,(anonymous_26)
FNDA:0,(anonymous_27)
FNDA:0,(anonymous_28)
FNDA:0,(anonymous_29)
FNDA:0,(anonymous_30)
FNDA:0,(anonymous_31)
FNDA:0,(anonymous_32)
FNDA:0,(anonymous_33)
FNDA:0,(anonymous_34)
FNDA:0,(anonymous_35)
FNDA:0,(anonymous_36)
FNDA:0,(anonymous_37)
FNDA:0,(anonymous_38)
FNDA:0,(anonymous_39)
FNDA:0,(anonymous_40)
FNDA:0,(anonymous_41)
FNDA:0,(anonymous_42)
FNDA:0,(anonymous_43)
FNDA:0,(anonymous_44)
FNDA:0,(anonymous_45)
FNDA:0,(anonymous_46)
FNDA:0,(anonymous_47)
FNDA:0,(anonymous_48)
FNDA:0,(anonymous_49)
DA:1,0
DA:2,0
DA:12,0
DA:13,0
DA:14,0
DA:28,0
DA:29,0
DA:30,0
DA:31,0
DA:32,0
DA:34,0
DA:35,0
DA:36,0
DA:37,0
DA:38,0
DA:39,0
DA:40,0
DA:41,0
DA:42,0
DA:43,0
DA:46,0
DA:48,0
DA:49,0
DA:50,0
DA:51,0
DA:52,0
DA:53,0
DA:54,0
DA:55,0
DA:58,0
DA:59,0
DA:60,0
DA:63,0
DA:66,0
DA:69,0
DA:70,0
DA:77,0
DA:78,0
DA:79,0
DA:80,0
DA:83,0
DA:84,0
DA:85,0
DA:86,0
DA:89,0
DA:90,0
DA:91,0
DA:92,0
DA:95,0
DA:96,0
DA:104,0
DA:105,0
DA:121,0
DA:125,0
DA:130,0
DA:136,0
DA:143,0
DA:154,0
DA:159,0
DA:165,0
DA:172,0
DA:183,0
DA:184,0
DA:193,0
DA:194,0
DA:195,0
DA:197,0
DA:198,0
DA:207,0
DA:208,0
DA:217,0
DA:218,0
DA:219,0
DA:221,0
DA:222,0
DA:231,0
DA:232,0
DA:233,0
DA:234,0
DA:235,0
DA:238,0
DA:243,0
DA:255,0
DA:257,0
DA:259,0
DA:263,0
DA:339,0
DA:355,0
DA:401,0
DA:417,0
DA:419,0
DA:477,0
DA:485,0
DA:501,0
DA:517,0
DA:519,0
DA:581,0
DA:588,0
DA:595,0
DA:606,0
DA:612,0
DA:618,0
LF:102
LH:0
BRDA:79,0,0,0
BRDA:79,0,1,0
BRDA:80,1,0,0
BRDA:80,1,1,0
BRDA:85,2,0,0
BRDA:85,2,1,0
BRDA:86,3,0,0
BRDA:86,3,1,0
BRDA:92,4,0,0
BRDA:92,4,1,0
BRDA:121,5,0,0
BRDA:121,5,1,0
BRDA:121,6,0,0
BRDA:121,6,1,0
BRDA:249,7,0,0
BRDA:249,7,1,0
BRDA:250,8,0,0
BRDA:250,8,1,0
BRDA:287,9,0,0
BRDA:287,9,1,0
BRDA:303,10,0,0
BRDA:303,10,1,0
BRDA:314,11,0,0
BRDA:314,11,1,0
BRDA:325,12,0,0
BRDA:325,12,1,0
BRDA:335,13,0,0
BRDA:335,13,1,0
BRDA:347,14,0,0
BRDA:347,14,1,0
BRDA:351,15,0,0
BRDA:351,15,1,0
BRDA:353,16,0,0
BRDA:353,16,1,0
BRDA:364,17,0,0
BRDA:364,17,1,0
BRDA:374,18,0,0
BRDA:374,18,1,0
BRDA:376,19,0,0
BRDA:376,19,1,0
BRDA:409,20,0,0
BRDA:409,20,1,0
BRDA:413,21,0,0
BRDA:413,21,1,0
BRDA:415,22,0,0
BRDA:415,22,1,0
BRDA:445,23,0,0
BRDA:445,23,1,0
BRDA:464,24,0,0
BRDA:464,24,1,0
BRDA:467,25,0,0
BRDA:467,25,1,0
BRDA:509,26,0,0
BRDA:509,26,1,0
BRDA:513,27,0,0
BRDA:513,27,1,0
BRDA:515,28,0,0
BRDA:515,28,1,0
BRDA:534,29,0,0
BRDA:534,29,1,0
BRDA:544,30,0,0
BRDA:544,30,1,0
BRDA:551,31,0,0
BRDA:551,31,1,0
BRDA:564,32,0,0
BRDA:564,32,1,0
BRDA:567,33,0,0
BRDA:567,33,1,0
BRF:68
BRH:0
end_of_record
TN:
SF:app/(tabs)/budget.tsx
FN:37,BudgetScreen
FN:101,(anonymous_2)
FN:110,(anonymous_3)
FN:122,(anonymous_4)
FN:126,(anonymous_5)
FN:134,(anonymous_6)
FN:139,(anonymous_7)
FN:140,(anonymous_8)
FN:160,(anonymous_9)
FN:165,(anonymous_10)
FN:171,(anonymous_11)
FN:178,(anonymous_12)
FN:186,(anonymous_13)
FN:191,(anonymous_14)
FN:206,(anonymous_15)
FN:215,(anonymous_16)
FN:221,(anonymous_17)
FN:224,(anonymous_18)
FN:226,(anonymous_19)
FN:232,(anonymous_20)
FN:243,(anonymous_21)
FN:265,(anonymous_22)
FN:267,(anonymous_23)
FN:275,(anonymous_24)
FN:278,(anonymous_25)
FN:280,(anonymous_26)
FN:487,(anonymous_27)
FN:519,(anonymous_28)
FN:550,(anonymous_29)
FN:552,(anonymous_30)
FN:560,(anonymous_31)
FN:591,(anonymous_32)
FN:593,(anonymous_33)
FN:601,(anonymous_34)
FN:630,(anonymous_35)
FN:643,(anonymous_36)
FN:645,(anonymous_37)
FN:652,(anonymous_38)
FN:655,(anonymous_39)
FN:689,(anonymous_40)
FN:717,(anonymous_41)
FN:740,(anonymous_42)
FN:754,(anonymous_43)
FN:851,(anonymous_44)
FNF:44
FNH:0
FNDA:0,BudgetScreen
FNDA:0,(anonymous_2)
FNDA:0,(anonymous_3)
FNDA:0,(anonymous_4)
FNDA:0,(anonymous_5)
FNDA:0,(anonymous_6)
FNDA:0,(anonymous_7)
FNDA:0,(anonymous_8)
FNDA:0,(anonymous_9)
FNDA:0,(anonymous_10)
FNDA:0,(anonymous_11)
FNDA:0,(anonymous_12)
FNDA:0,(anonymous_13)
FNDA:0,(anonymous_14)
FNDA:0,(anonymous_15)
FNDA:0,(anonymous_16)
FNDA:0,(anonymous_17)
FNDA:0,(anonymous_18)
FNDA:0,(anonymous_19)
FNDA:0,(anonymous_20)
FNDA:0,(anonymous_21)
FNDA:0,(anonymous_22)
FNDA:0,(anonymous_23)
FNDA:0,(anonymous_24)
FNDA:0,(anonymous_25)
FNDA:0,(anonymous_26)
FNDA:0,(anonymous_27)
FNDA:0,(anonymous_28)
FNDA:0,(anonymous_29)
FNDA:0,(anonymous_30)
FNDA:0,(anonymous_31)
FNDA:0,(anonymous_32)
FNDA:0,(anonymous_33)
FNDA:0,(anonymous_34)
FNDA:0,(anonymous_35)
FNDA:0,(anonymous_36)
FNDA:0,(anonymous_37)
FNDA:0,(anonymous_38)
FNDA:0,(anonymous_39)
FNDA:0,(anonymous_40)
FNDA:0,(anonymous_41)
FNDA:0,(anonymous_42)
FNDA:0,(anonymous_43)
FNDA:0,(anonymous_44)
DA:1,0
DA:2,0
DA:9,0
DA:10,0
DA:11,0
DA:12,0
DA:13,0
DA:14,0
DA:15,0
DA:16,0
DA:17,0
DA:18,0
DA:19,0
DA:20,0
DA:21,0
DA:22,0
DA:23,0
DA:24,0
DA:25,0
DA:26,0
DA:27,0
DA:28,0
DA:37,0
DA:38,0
DA:45,0
DA:46,0
DA:47,0
DA:48,0
DA:49,0
DA:50,0
DA:53,0
DA:56,0
DA:57,0
DA:58,0
DA:63,0
DA:64,0
DA:65,0
DA:68,0
DA:69,0
DA:70,0
DA:73,0
DA:76,0
DA:83,0
DA:90,0
DA:101,0
DA:102,0
DA:106,0
DA:107,0
DA:108,0
DA:110,0
DA:111,0
DA:112,0
DA:121,0
DA:122,0
DA:125,0
DA:127,0
DA:133,0
DA:134,0
DA:138,0
DA:139,0
DA:142,0
DA:143,0
DA:144,0
DA:145,0
DA:148,0
DA:152,0
DA:156,0
DA:158,0
DA:160,0
DA:161,0
DA:162,0
DA:165,0
DA:166,0
DA:167,0
DA:168,0
DA:171,0
DA:172,0
DA:173,0
DA:174,0
DA:175,0
DA:178,0
DA:179,0
DA:180,0
DA:182,0
DA:186,0
DA:187,0
DA:188,0
DA:191,0
DA:192,0
DA:207,0
DA:208,0
DA:215,0
DA:216,0
DA:217,0
DA:221,0
DA:222,0
DA:224,0
DA:226,0
DA:228,0
DA:232,0
DA:233,0
DA:236,0
DA:237,0
DA:238,0
DA:240,0
DA:241,0
DA:243,0
DA:247,0
DA:248,0
DA:252,0
DA:254,0
DA:256,0
DA:259,0
DA:263,0
DA:265,0
DA:267,0
DA:269,0
DA:271,0
DA:275,0
DA:276,0
DA:278,0
DA:280,0
DA:282,0
DA:286,0
DA:287,0
DA:315,0
DA:488,0
DA:489,0
DA:520,0
DA:550,0
DA:552,0
DA:561,0
DA:591,0
DA:593,0
DA:602,0
DA:630,0
DA:643,0
DA:645,0
DA:653,0
DA:654,0
DA:656,0
DA:690,0
DA:719,0
DA:721,0
DA:723,0
DA:740,0
DA:754,0
DA:851,0
DA:888,0
LF:149
LH:0
BRDA:113,0,0,0
BRDA:113,0,1,0
BRDA:113,0,2,0
BRDA:122,1,0,0
BRDA:122,1,1,0
BRDA:127,2,0,0
BRDA:127,2,1,0
BRDA:127,2,2,0
BRDA:134,3,0,0
BRDA:134,3,1,0
BRDA:139,4,0,0
BRDA:139,4,1,0
BRDA:139,4,2,0
BRDA:158,5,0,0
BRDA:158,5,1,0
BRDA:179,6,0,0
BRDA:179,6,1,0
BRDA:222,7,0,0
BRDA:222,7,1,0
BRDA:222,7,2,0
BRDA:236,8,0,0
BRDA:263,9,0,0
BRDA:263,9,1,0
BRDA:263,9,2,0
BRDA:263,9,3,0
BRDA:276,10,0,0
BRDA:276,10,1,0
BRDA:276,10,2,0
BRDA:286,11,0,0
BRDA:286,12,0,0
BRDA:286,12,1,0
BRDA:289,13,0,0
BRDA:289,13,1,0
BRDA:317,14,0,0
BRDA:317,14,1,0
BRDA:340,15,0,0
BRDA:340,15,1,0
BRDA:361,16,0,0
BRDA:361,16,1,0
BRDA:383,17,0,0
BRDA:383,17,1,0
BRDA:385,18,0,0
BRDA:385,18,1,0
BRDA:408,19,0,0
BRDA:408,19,1,0
BRDA:518,20,0,0
BRDA:518,20,1,0
BRDA:559,21,0,0
BRDA:559,21,1,0
BRDA:600,22,0,0
BRDA:600,22,1,0
BRDA:627,23,0,0
BRDA:627,23,1,0
BRDA:634,24,0,0
BRDA:634,24,1,0
BRDA:654,25,0,0
BRDA:654,25,1,0
BRDA:667,26,0,0
BRDA:667,26,1,0
BRDA:668,27,0,0
BRDA:668,27,1,0
BRDA:688,28,0,0
BRDA:688,28,1,0
BRDA:716,29,0,0
BRDA:716,29,1,0
BRF:65
BRH:0
end_of_record
TN:
SF:app/(tabs)/index.tsx
FN:21,OverviewScreen
FN:41,(anonymous_2)
FN:44,(anonymous_3)
FN:47,(anonymous_4)
FN:49,(anonymous_5)
FN:54,(anonymous_6)
FN:184,(anonymous_7)
FN:218,(anonymous_8)
FN:256,(anonymous_9)
FN:278,(anonymous_10)
FN:306,(anonymous_11)
FN:335,(anonymous_12)
FNF:12
FNH:0
FNDA:0,OverviewScreen
FNDA:0,(anonymous_2)
FNDA:0,(anonymous_3)
FNDA:0,(anonymous_4)
FNDA:0,(anonymous_5)
FNDA:0,(anonymous_6)
FNDA:0,(anonymous_7)
FNDA:0,(anonymous_8)
FNDA:0,(anonymous_9)
FNDA:0,(anonymous_10)
FNDA:0,(anonymous_11)
FNDA:0,(anonymous_12)
DA:1,0
DA:2,0
DA:3,0
DA:4,0
DA:5,0
DA:6,0
DA:7,0
DA:8,0
DA:9,0
DA:10,0
DA:12,0
DA:13,0
DA:14,0
DA:15,0
DA:16,0
DA:17,0
DA:18,0
DA:21,0
DA:22,0
DA:23,0
DA:24,0
DA:25,0
DA:26,0
DA:27,0
DA:28,0
DA:29,0
DA:32,0
DA:33,0
DA:34,0
DA:36,0
DA:37,0
DA:38,0
DA:41,0
DA:44,0
DA:47,0
DA:49,0
DA:50,0
DA:51,0
DA:54,0
DA:55,0
DA:56,0
DA:60,0
DA:165,0
DA:166,0
DA:184,0
DA:199,0
DA:218,0
DA:257,0
DA:258,0
DA:279,0
DA:307,0
DA:335,0
LF:52
LH:0
BRDA:165,0,0,0
BRDA:168,1,0,0
BRDA:168,1,1,0
BRDA:179,2,0,0
BRDA:179,2,1,0
BRDA:213,3,0,0
BRDA:213,3,1,0
BRDA:229,4,0,0
BRDA:229,4,1,0
BRDA:235,5,0,0
BRDA:235,5,1,0
BRDA:243,6,0,0
BRDA:243,6,1,0
BRDA:257,7,0,0
BRDA:257,7,1,0
BRDA:277,8,0,0
BRDA:277,8,1,0
BRDA:305,9,0,0
BRDA:305,9,1,0
BRF:19
BRH:0
end_of_record
TN:
SF:app/(tabs)/insights.tsx
FN:32,InsightsScreen
FN:67,(anonymous_2)
FN:75,(anonymous_3)
FN:80,(anonymous_4)
FN:234,(anonymous_5)
FN:258,(anonymous_6)
FNF:6
FNH:0
FNDA:0,InsightsScreen
FNDA:0,(anonymous_2)
FNDA:0,(anonymous_3)
FNDA:0,(anonymous_4)
FNDA:0,(anonymous_5)
FNDA:0,(anonymous_6)
DA:1,0
DA:2,0
DA:9,0
DA:10,0
DA:11,0
DA:19,0
DA:20,0
DA:21,0
DA:22,0
DA:23,0
DA:24,0
DA:25,0
DA:26,0
DA:27,0
DA:28,0
DA:29,0
DA:30,0
DA:32,0
DA:33,0
DA:34,0
DA:35,0
DA:36,0
DA:42,0
DA:45,0
DA:46,0
DA:47,0
DA:49,0
DA:52,0
DA:53,0
DA:56,0
DA:67,0
DA:68,0
DA:71,0
DA:72,0
DA:73,0
DA:75,0
DA:76,0
DA:77,0
DA:80,0
DA:81,0
DA:82,0
DA:85,0
DA:86,0
DA:114,0
DA:235,0
DA:259,0
DA:358,0
LF:47
LH:0
BRDA:73,0,0,0
BRDA:73,0,1,0
BRDA:73,0,2,0
BRDA:85,1,0,0
BRDA:88,2,0,0
BRDA:88,2,1,0
BRDA:116,3,0,0
BRDA:116,3,1,0
BRDA:145,4,0,0
BRDA:145,4,1,0
BRDA:146,5,0,0
BRDA:146,5,1,0
BRDA:154,6,0,0
BRDA:154,6,1,0
BRDA:171,7,0,0
BRDA:171,7,1,0
BRDA:174,8,0,0
BRDA:174,8,1,0
BRDA:191,9,0,0
BRDA:191,9,1,0
BRDA:208,10,0,0
BRDA:208,10,1,0
BRDA:232,11,0,0
BRDA:232,11,1,0
BRDA:257,12,0,0
BRDA:257,12,1,0
BRF:26
BRH:0
end_of_record
TN:
SF:app/(tabs)/profile.tsx
FN:53,ProfileScreen
FN:90,(anonymous_11)
FN:92,(anonymous_12)
FN:97,(anonymous_13)
FN:133,(anonymous_14)
FN:137,(anonymous_15)
FN:144,(anonymous_16)
FN:155,(anonymous_17)
FN:168,(anonymous_18)
FN:181,(anonymous_19)
FN:185,(anonymous_20)
FN:189,(anonymous_21)
FN:196,(anonymous_22)
FN:200,(anonymous_23)
FN:219,(anonymous_24)
FN:235,(anonymous_25)
FN:244,(anonymous_26)
FN:251,(anonymous_27)
FN:255,(anonymous_28)
FN:274,(anonymous_29)
FN:290,(anonymous_30)
FN:299,(anonymous_31)
FN:313,(anonymous_32)
FN:400,(anonymous_33)
FN:416,(anonymous_34)
FN:430,(anonymous_35)
FN:467,(anonymous_36)
FN:494,(anonymous_37)
FN:514,(anonymous_38)
FN:536,(anonymous_39)
FN:558,(anonymous_40)
FN:580,(anonymous_41)
FN:602,(anonymous_42)
FN:624,(anonymous_43)
FN:651,(anonymous_44)
FN:696,(anonymous_45)
FN:700,(anonymous_46)
FN:707,(anonymous_47)
FN:711,(anonymous_48)
FN:717,(anonymous_49)
FN:727,(anonymous_50)
FN:753,(anonymous_51)
FNF:42
FNH:0
FNDA:0,ProfileScreen
FNDA:0,(anonymous_11)
FNDA:0,(anonymous_12)
FNDA:0,(anonymous_13)
FNDA:0,(anonymous_14)
FNDA:0,(anonymous_15)
FNDA:0,(anonymous_16)
FNDA:0,(anonymous_17)
FNDA:0,(anonymous_18)
FNDA:0,(anonymous_19)
FNDA:0,(anonymous_20)
FNDA:0,(anonymous_21)
FNDA:0,(anonymous_22)
FNDA:0,(anonymous_23)
FNDA:0,(anonymous_24)
FNDA:0,(anonymous_25)
FNDA:0,(anonymous_26)
FNDA:0,(anonymous_27)
FNDA:0,(anonymous_28)
FNDA:0,(anonymous_29)
FNDA:0,(anonymous_30)
FNDA:0,(anonymous_31)
FNDA:0,(anonymous_32)
FNDA:0,(anonymous_33)
FNDA:0,(anonymous_34)
FNDA:0,(anonymous_35)
FNDA:0,(anonymous_36)
FNDA:0,(anonymous_37)
FNDA:0,(anonymous_38)
FNDA:0,(anonymous_39)
FNDA:0,(anonymous_40)
FNDA:0,(anonymous_41)
FNDA:0,(anonymous_42)
FNDA:0,(anonymous_43)
FNDA:0,(anonymous_44)
FNDA:0,(anonymous_45)
FNDA:0,(anonymous_46)
FNDA:0,(anonymous_47)
FNDA:0,(anonymous_48)
FNDA:0,(anonymous_49)
FNDA:0,(anonymous_50)
FNDA:0,(anonymous_51)
DA:1,0
DA:2,0
DA:16,0
DA:17,0
DA:18,0
DA:20,0
DA:21,0
DA:22,0
DA:23,0
DA:24,0
DA:25,0
DA:26,0
DA:27,0
DA:28,0
DA:29,0
DA:30,0
DA:31,0
DA:38,0
DA:50,0
DA:53,0
DA:63,0
DA:68,0
DA:70,0
DA:76,0
DA:78,0
DA:79,0
DA:80,0
DA:81,0
DA:82,0
DA:83,0
DA:86,0
DA:90,0
DA:92,0
DA:93,0
DA:97,0
DA:98,0
DA:100,0
DA:105,0
DA:109,0
DA:114,0
DA:118,0
DA:123,0
DA:130,0
DA:132,0
DA:133,0
DA:136,0
DA:137,0
DA:140,0
DA:141,0
DA:144,0
DA:148,0
DA:155,0
DA:156,0
DA:163,0
DA:164,0
DA:168,0
DA:169,0
DA:176,0
DA:177,0
DA:181,0
DA:182,0
DA:185,0
DA:186,0
DA:189,0
DA:190,0
DA:201,0
DA:203,0
DA:206,0
DA:209,0
DA:211,0
DA:221,0
DA:222,0
DA:229,0
DA:230,0
DA:244,0
DA:245,0
DA:256,0
DA:258,0
DA:261,0
DA:264,0
DA:266,0
DA:276,0
DA:277,0
DA:284,0
DA:285,0
DA:299,0
DA:300,0
DA:301,0
DA:302,0
DA:303,0
DA:304,0
DA:306,0
DA:309,0
DA:313,0
DA:314,0
DA:315,0
DA:316,0
DA:318,0
DA:319,0
DA:320,0
DA:321,0
DA:323,0
DA:329,0
DA:336,0
DA:400,0
DA:416,0
DA:430,0
DA:468,0
DA:494,0
DA:515,0
DA:537,0
DA:559,0
DA:581,0
DA:603,0
DA:625,0
DA:651,0
DA:696,0
DA:700,0
DA:707,0
DA:711,0
DA:718,0
DA:728,0
DA:729,0
DA:753,0
DA:759,0
LF:125
LH:0
BRDA:98,0,0,0
BRDA:114,1,0,0
BRDA:115,2,0,0
BRDA:115,2,1,0
BRDA:132,3,0,0
BRDA:136,4,0,0
BRDA:140,5,0,0
BRDA:163,6,0,0
BRDA:163,7,0,0
BRDA:163,7,1,0
BRDA:176,8,0,0
BRDA:176,9,0,0
BRDA:176,9,1,0
BRDA:221,10,0,0
BRDA:276,11,0,0
BRDA:303,12,0,0
BRDA:303,12,1,0
BRDA:320,13,0,0
BRDA:320,13,1,0
BRDA:338,14,0,0
BRDA:338,14,1,0
BRDA:361,15,0,0
BRDA:361,15,1,0
BRDA:371,16,0,0
BRDA:371,16,1,0
BRDA:392,17,0,0
BRDA:392,17,1,0
BRDA:395,18,0,0
BRDA:395,18,1,0
BRDA:440,19,0,0
BRDA:440,19,1,0
BRDA:475,20,0,0
BRDA:475,20,1,0
BRDA:499,21,0,0
BRDA:499,21,1,0
BRDA:506,22,0,0
BRDA:506,22,1,0
BRDA:722,23,0,0
BRDA:722,23,1,0
BRDA:736,24,0,0
BRDA:736,24,1,0
BRF:41
BRH:0
end_of_record
TN:
SF:components/AccountCarousel.tsx
FN:36,AccountCarousel
FN:53,(anonymous_2)
FN:60,(anonymous_3)
FN:78,(anonymous_4)
FN:90,(anonymous_5)
FN:105,(anonymous_6)
FN:126,(anonymous_7)
FN:134,(anonymous_8)
FN:153,(anonymous_9)
FN:207,(anonymous_10)
FN:233,(anonymous_11)
FN:323,(anonymous_12)
FN:330,(anonymous_13)
FN:341,(anonymous_14)
FNF:14
FNH:0
FNDA:0,AccountCarousel
FNDA:0,(anonymous_2)
FNDA:0,(anonymous_3)
FNDA:0,(anonymous_4)
FNDA:0,(anonymous_5)
FNDA:0,(anonymous_6)
FNDA:0,(anonymous_7)
FNDA:0,(anonymous_8)
FNDA:0,(anonymous_9)
FNDA:0,(anonymous_10)
FNDA:0,(anonymous_11)
FNDA:0,(anonymous_12)
FNDA:0,(anonymous_13)
FNDA:0,(anonymous_14)
DA:1,0
DA:2,0
DA:11,0
DA:25,0
DA:26,0
DA:27,0
DA:28,0
DA:36,0
DA:37,0
DA:38,0
DA:39,0
DA:40,0
DA:41,0
DA:43,0
DA:44,0
DA:45,0
DA:46,0
DA:47,0
DA:50,0
DA:53,0
DA:54,0
DA:55,0
DA:56,0
DA:60,0
DA:61,0
DA:62,0
DA:65,0
DA:68,0
DA:69,0
DA:74,0
DA:78,0
DA:79,0
DA:80,0
DA:81,0
DA:86,0
DA:90,0
DA:91,0
DA:93,0
DA:94,0
DA:95,0
DA:96,0
DA:98,0
DA:100,0
DA:105,0
DA:106,0
DA:108,0
DA:110,0
DA:111,0
DA:112,0
DA:113,0
DA:115,0
DA:117,0
DA:119,0
DA:121,0
DA:126,0
DA:127,0
DA:134,0
DA:135,0
DA:137,0
DA:138,0
DA:139,0
DA:140,0
DA:142,0
DA:144,0
DA:146,0
DA:148,0
DA:153,0
DA:154,0
DA:207,0
DA:208,0
DA:233,0
DA:234,0
DA:264,0
DA:265,0
DA:303,0
DA:323,0
DA:331,0
DA:341,0
DA:350,0
DA:530,0
LF:80
LH:0
BRDA:47,0,0,0
BRDA:47,0,1,0
BRDA:68,1,0,0
BRDA:80,2,0,0
BRDA:91,3,0,0
BRDA:108,4,0,0
BRDA:108,4,1,0
BRDA:108,4,2,0
BRDA:108,4,3,0
BRDA:110,5,0,0
BRDA:110,5,1,0
BRDA:112,6,0,0
BRDA:135,7,0,0
BRDA:135,7,1,0
BRDA:135,7,2,0
BRDA:135,7,3,0
BRDA:137,8,0,0
BRDA:137,8,1,0
BRDA:139,9,0,0
BRDA:170,10,0,0
BRDA:170,10,1,0
BRDA:180,11,0,0
BRDA:180,11,1,0
BRDA:189,12,0,0
BRDA:189,12,1,0
BRDA:194,13,0,0
BRDA:194,13,1,0
BRDA:264,14,0,0
BRDA:328,15,0,0
BRDA:328,15,1,0
BRDA:336,16,0,0
BRDA:336,16,1,0
BRF:32
BRH:0
end_of_record
TN:
SF:components/Calendar.tsx
FN:31,Calendar
FN:43,(anonymous_1)
FN:50,(anonymous_2)
FN:56,(anonymous_3)
FN:59,(anonymous_4)
FN:90,(anonymous_5)
FN:93,(anonymous_6)
FN:165,(anonymous_7)
FN:183,(anonymous_8)
FN:201,(anonymous_9)
FN:214,(anonymous_10)
FN:224,(anonymous_11)
FN:234,(anonymous_12)
FN:239,(anonymous_13)
FN:294,(anonymous_14)
FN:307,(anonymous_15)
FN:338,(anonymous_16)
FNF:17
FNH:0
FNDA:0,Calendar
FNDA:0,(anonymous_1)
FNDA:0,(anonymous_2)
FNDA:0,(anonymous_3)
FNDA:0,(anonymous_4)
FNDA:0,(anonymous_5)
FNDA:0,(anonymous_6)
FNDA:0,(anonymous_7)
FNDA:0,(anonymous_8)
FNDA:0,(anonymous_9)
FNDA:0,(anonymous_10)
FNDA:0,(anonymous_11)
FNDA:0,(anonymous_12)
FNDA:0,(anonymous_13)
FNDA:0,(anonymous_14)
FNDA:0,(anonymous_15)
FNDA:0,(anonymous_16)
DA:1,0
DA:2,0
DA:9,0
DA:14,0
DA:15,0
DA:16,0
DA:17,0
DA:25,0
DA:31,0
DA:32,0
DA:33,0
DA:34,0
DA:35,0
DA:36,0
DA:39,0
DA:40,0
DA:43,0
DA:45,0
DA:46,0
DA:50,0
DA:52,0
DA:56,0
DA:57,0
DA:59,0
DA:60,0
DA:62,0
DA:65,0
DA:70,0
DA:71,0
DA:75,0
DA:79,0
DA:80,0
DA:81,0
DA:86,0
DA:90,0
DA:91,0
DA:93,0
DA:94,0
DA:96,0
DA:99,0
DA:104,0
DA:105,0
DA:109,0
DA:110,0
DA:113,0
DA:114,0
DA:115,0
DA:118,0
DA:119,0
DA:124,0
DA:125,0
DA:126,0
DA:129,0
DA:130,0
DA:135,0
DA:139,0
DA:140,0
DA:145,0
DA:146,0
DA:147,0
DA:148,0
DA:153,0
DA:154,0
DA:155,0
DA:161,0
DA:165,0
DA:166,0
DA:167,0
DA:170,0
DA:171,0
DA:172,0
DA:175,0
DA:178,0
DA:183,0
DA:184,0
DA:185,0
DA:188,0
DA:189,0
DA:190,0
DA:193,0
DA:196,0
DA:201,0
DA:202,0
DA:203,0
DA:204,0
DA:208,0
DA:214,0
DA:215,0
DA:216,0
DA:224,0
DA:225,0
DA:226,0
DA:234,0
DA:235,0
DA:236,0
DA:239,0
DA:241,0
DA:242,0
DA:243,0
DA:244,0
DA:249,0
DA:295,0
DA:308,0
DA:309,0
DA:310,0
DA:311,0
DA:312,0
DA:315,0
DA:316,0
DA:318,0
DA:338,0
DA:389,0
LF:112
LH:0
BRDA:60,0,0,0
BRDA:65,1,0,0
BRDA:66,2,0,0
BRDA:66,2,1,0
BRDA:66,2,2,0
BRDA:75,3,0,0
BRDA:76,4,0,0
BRDA:76,4,1,0
BRDA:80,5,0,0
BRDA:94,6,0,0
BRDA:99,7,0,0
BRDA:100,8,0,0
BRDA:100,8,1,0
BRDA:100,8,2,0
BRDA:109,9,0,0
BRDA:109,10,0,0
BRDA:109,10,1,0
BRDA:113,11,0,0
BRDA:113,11,1,0
BRDA:118,12,0,0
BRDA:118,13,0,0
BRDA:118,13,1,0
BRDA:124,14,0,0
BRDA:124,14,1,0
BRDA:129,15,0,0
BRDA:129,16,0,0
BRDA:129,16,1,0
BRDA:135,17,0,0
BRDA:135,17,1,0
BRDA:136,18,0,0
BRDA:136,18,1,0
BRDA:139,19,0,0
BRDA:145,20,0,0
BRDA:145,20,1,0
BRDA:147,21,0,0
BRDA:153,22,0,0
BRDA:153,23,0,0
BRDA:153,23,1,0
BRDA:154,24,0,0
BRDA:170,25,0,0
BRDA:175,26,0,0
BRDA:175,26,1,0
BRDA:175,27,0,0
BRDA:175,27,1,0
BRDA:188,28,0,0
BRDA:193,29,0,0
BRDA:193,29,1,0
BRDA:193,30,0,0
BRDA:193,30,1,0
BRDA:217,31,0,0
BRDA:217,31,1,0
BRDA:217,31,2,0
BRDA:225,32,0,0
BRDA:227,33,0,0
BRDA:227,33,1,0
BRDA:227,33,2,0
BRDA:241,34,0,0
BRDA:241,35,0,0
BRDA:241,35,1,0
BRDA:243,36,0,0
BRDA:315,37,0,0
BRDA:315,37,1,0
BRDA:315,37,2,0
BRDA:324,38,0,0
BRDA:324,38,1,0
BRDA:326,39,0,0
BRDA:326,39,1,0
BRDA:329,40,0,0
BRDA:329,40,1,0
BRDA:331,41,0,0
BRDA:331,41,1,0
BRDA:334,42,0,0
BRDA:334,42,1,0
BRDA:334,43,0,0
BRDA:334,43,1,0
BRDA:336,44,0,0
BRDA:336,44,1,0
BRDA:346,45,0,0
BRDA:346,45,1,0
BRDA:353,46,0,0
BRDA:353,46,1,0
BRDA:355,47,0,0
BRDA:355,47,1,0
BRDA:357,48,0,0
BRDA:357,48,1,0
BRDA:360,49,0,0
BRDA:360,49,1,0
BRDA:360,50,0,0
BRDA:360,50,1,0
BRDA:368,51,0,0
BRDA:368,51,1,0
BRF:91
BRH:0
end_of_record
TN:
SF:components/CategoryCard.tsx
FN:16,CategoryCard
FN:24,(anonymous_2)
FN:26,(anonymous_3)
FNF:3
FNH:0
FNDA:0,CategoryCard
FNDA:0,(anonymous_2)
FNDA:0,(anonymous_3)
DA:2,0
DA:3,0
DA:4,0
DA:5,0
DA:7,0
DA:16,0
DA:22,0
DA:23,0
DA:24,0
DA:26,0
DA:27,0
DA:69,0
DA:70,0
DA:83,0
DA:90,0
LF:15
LH:0
BRDA:24,0,0,0
BRDA:24,0,1,0
BRDA:58,1,0,0
BRDA:58,1,1,0
BRDA:63,2,0,0
BRDA:63,2,1,0
BRDA:69,3,0,0
BRF:7
BRH:0
end_of_record
TN:
SF:components/ErrorBoundary.tsx
FN:18,(anonymous_0)
FN:23,(anonymous_1)
FN:28,(anonymous_2)
FN:51,(anonymous_3)
FN:58,(anonymous_4)
FN:67,(anonymous_5)
FN:81,(anonymous_6)
FN:106,DefaultFallback
FNF:8
FNH:0
FNDA:0,(anonymous_0)
FNDA:0,(anonymous_1)
FNDA:0,(anonymous_2)
FNDA:0,(anonymous_3)
FNDA:0,(anonymous_4)
FNDA:0,(anonymous_5)
FNDA:0,(anonymous_6)
FNDA:0,DefaultFallback
DA:1,0
DA:2,0
DA:17,0
DA:19,0
DA:20,0
DA:25,0
DA:29,0
DA:30,0
DA:33,0
DA:43,0
DA:44,0
DA:45,0
DA:46,0
DA:47,0
DA:48,0
DA:51,0
DA:58,0
DA:60,0
DA:67,0
DA:68,0
DA:69,0
DA:72,0
DA:73,0
DA:74,0
DA:75,0
DA:76,0
DA:77,0
DA:78,0
DA:82,0
DA:84,0
DA:85,0
DA:89,0
DA:101,0
DA:121,0
DA:130,0
DA:192,0
LF:36
LH:0
BRDA:30,0,0,0
BRDA:30,0,1,0
BRDA:73,1,0,0
BRDA:73,1,1,0
BRDA:82,2,0,0
BRDA:84,3,0,0
BRDA:138,4,0,0
BRDA:138,4,1,0
BRDA:148,5,0,0
BRDA:148,5,1,0
BRDA:176,6,0,0
BRDA:176,6,1,0
BRDA:176,6,2,0
BRF:13
BRH:0
end_of_record
TN:
SF:components/ErrorBoundaryDemo.tsx
FN:10,(anonymous_1)
FN:23,(anonymous_2)
FN:27,(anonymous_3)
FN:31,(anonymous_4)
FN:33,(anonymous_5)
FNF:5
FNH:0
FNDA:0,(anonymous_1)
FNDA:0,(anonymous_2)
FNDA:0,(anonymous_3)
FNDA:0,(anonymous_4)
FNDA:0,(anonymous_5)
DA:1,0
DA:2,0
DA:3,0
DA:10,0
DA:11,0
DA:12,0
DA:15,0
DA:23,0
DA:24,0
DA:25,0
DA:27,0
DA:28,0
DA:31,0
DA:32,0
DA:33,0
DA:36,0
DA:80,0
DA:157,0
LF:18
LH:0
BRDA:11,0,0,0
BRDA:23,1,0,0
BRDA:42,2,0,0
BRDA:42,2,1,0
BRDA:44,3,0,0
BRDA:44,3,1,0
BRF:6
BRH:0
end_of_record
TN:
SF:components/InsightCard.tsx
FN:13,InsightCard
FNF:1
FNH:0
FNDA:0,InsightCard
DA:2,0
DA:3,0
DA:4,0
DA:5,0
DA:6,0
DA:13,0
DA:14,0
DA:15,0
DA:16,0
DA:18,0
DA:48,0
LF:11
LH:0
BRDA:13,0,0,0
BRDA:27,1,0,0
BRDA:27,1,1,0
BRF:3
BRH:0
end_of_record
TN:
SF:components/NotificationContainer.tsx
FN:11,NotificationContainer
FN:21,(anonymous_1)
FN:27,(anonymous_2)
FNF:3
FNH:0
FNDA:0,NotificationContainer
FNDA:0,(anonymous_1)
FNDA:0,(anonymous_2)
DA:2,0
DA:3,0
DA:4,0
DA:5,0
DA:11,0
DA:12,0
DA:14,0
DA:22,0
DA:27,0
DA:38,0
LF:10
LH:0
BRDA:19,0,0,0
BRDA:19,0,1,0
BRF:2
BRH:0
end_of_record
TN:
SF:components/PlaidLinkComponent.tsx
FN:23,PlaidLinkComponent
FN:33,(anonymous_1)
FN:68,(anonymous_2)
FN:94,(anonymous_3)
FN:100,(anonymous_4)
FN:103,(anonymous_5)
FN:113,(anonymous_6)
FN:123,(anonymous_7)
FN:156,(anonymous_8)
FN:157,(anonymous_9)
FN:165,(anonymous_10)
FN:166,(anonymous_11)
FN:176,(anonymous_12)
FN:177,(anonymous_13)
FN:200,usePlaidLink
FN:203,(anonymous_15)
FNF:16
FNH:0
FNDA:0,PlaidLinkComponent
FNDA:0,(anonymous_1)
FNDA:0,(anonymous_2)
FNDA:0,(anonymous_3)
FNDA:0,(anonymous_4)
FNDA:0,(anonymous_5)
FNDA:0,(anonymous_6)
FNDA:0,(anonymous_7)
FNDA:0,(anonymous_8)
FNDA:0,(anonymous_9)
FNDA:0,(anonymous_10)
FNDA:0,(anonymous_11)
FNDA:0,(anonymous_12)
FNDA:0,(anonymous_13)
FNDA:0,usePlaidLink
FNDA:0,(anonymous_15)
DA:1,0
DA:2,0
DA:3,0
DA:6,0
DA:7,0
DA:9,0
DA:10,0
DA:11,0
DA:12,0
DA:14,0
DA:23,0
DA:28,0
DA:29,0
DA:30,0
DA:33,0
DA:34,0
DA:36,0
DA:37,0
DA:38,0
DA:41,0
DA:44,0
DA:47,0
DA:50,0
DA:57,0
DA:58,0
DA:59,0
DA:68,0
DA:70,0
DA:71,0
DA:72,0
DA:75,0
DA:78,0
DA:81,0
DA:84,0
DA:85,0
DA:94,0
DA:95,0
DA:96,0
DA:100,0
DA:101,0
DA:103,0
DA:104,0
DA:105,0
DA:109,0
DA:113,0
DA:114,0
DA:115,0
DA:116,0
DA:123,0
DA:124,0
DA:125,0
DA:126,0
DA:129,0
DA:130,0
DA:133,0
DA:136,0
DA:144,0
DA:145,0
DA:148,0
DA:151,0
DA:152,0
DA:156,0
DA:157,0
DA:161,0
DA:165,0
DA:166,0
DA:176,0
DA:177,0
DA:179,0
DA:180,0
DA:181,0
DA:185,0
DA:186,0
DA:187,0
DA:189,0
DA:196,0
DA:200,0
DA:201,0
DA:203,0
DA:204,0
DA:205,0
DA:207,0
DA:208,0
DA:212,0
DA:220,0
LF:85
LH:0
BRDA:36,0,0,0
BRDA:52,1,0,0
BRDA:52,1,1,0
BRDA:58,2,0,0
BRDA:58,2,1,0
BRDA:70,3,0,0
BRDA:84,4,0,0
BRDA:87,5,0,0
BRDA:87,5,1,0
BRDA:101,6,0,0
BRDA:101,7,0,0
BRDA:101,7,1,0
BRDA:114,8,0,0
BRDA:125,9,0,0
BRDA:129,10,0,0
BRDA:151,11,0,0
BRDA:151,11,1,0
BRDA:179,12,0,0
BRDA:185,13,0,0
BRF:19
BRH:0
end_of_record
TN:
SF:components/SettingsItem.tsx
FN:23,SettingsItem
FNF:1
FNH:0
FNDA:0,SettingsItem
DA:2,0
DA:9,0
DA:10,0
DA:11,0
DA:12,0
DA:23,0
DA:33,0
DA:34,0
DA:36,0
DA:79,0
LF:10
LH:0
BRDA:28,0,0,0
BRDA:29,1,0,0
BRDA:30,2,0,0
BRDA:41,3,0,0
BRDA:41,3,1,0
BRDA:42,4,0,0
BRDA:42,4,1,0
BRDA:49,5,0,0
BRDA:49,5,1,0
BRDA:55,6,0,0
BRDA:55,6,1,0
BRDA:60,7,0,0
BRDA:60,7,1,0
BRDA:68,8,0,0
BRDA:68,8,1,0
BRF:15
BRH:0
end_of_record
TN:
SF:components/SplashScreen.tsx
FN:4,SplashScreen
FNF:1
FNH:0
FNDA:0,SplashScreen
DA:2,0
DA:4,0
DA:5,0
DA:20,0
LF:4
LH:0
BRDA:9,0,0,0
BRDA:9,0,1,0
BRF:2
BRH:0
end_of_record
TN:
SF:components/TransactionItem.tsx
FN:24,(anonymous_1)
FN:50,TransactionItem
FN:79,(anonymous_3)
FN:125,(anonymous_4)
FN:131,(anonymous_5)
FN:134,(anonymous_6)
FN:141,(anonymous_7)
FN:149,(anonymous_8)
FN:155,(anonymous_9)
FN:162,(anonymous_10)
FN:170,(anonymous_11)
FN:175,(anonymous_12)
FN:203,(anonymous_13)
FN:222,(anonymous_14)
FN:377,(anonymous_15)
FNF:15
FNH:0
FNDA:0,(anonymous_1)
FNDA:0,TransactionItem
FNDA:0,(anonymous_3)
FNDA:0,(anonymous_4)
FNDA:0,(anonymous_5)
FNDA:0,(anonymous_6)
FNDA:0,(anonymous_7)
FNDA:0,(anonymous_8)
FNDA:0,(anonymous_9)
FNDA:0,(anonymous_10)
FNDA:0,(anonymous_11)
FNDA:0,(anonymous_12)
FNDA:0,(anonymous_13)
FNDA:0,(anonymous_14)
FNDA:0,(anonymous_15)
DA:1,0
DA:2,0
DA:9,0
DA:10,0
DA:11,0
DA:12,0
DA:13,0
DA:15,0
DA:16,0
DA:17,0
DA:18,0
DA:19,0
DA:20,0
DA:21,0
DA:24,0
DA:25,0
DA:26,0
DA:28,0
DA:30,0
DA:32,0
DA:34,0
DA:36,0
DA:50,0
DA:59,0
DA:60,0
DA:61,0
DA:62,0
DA:63,0
DA:64,0
DA:67,0
DA:78,0
DA:79,0
DA:82,0
DA:83,0
DA:84,0
DA:85,0
DA:86,0
DA:91,0
DA:92,0
DA:93,0
DA:95,0
DA:96,0
DA:97,0
DA:99,0
DA:100,0
DA:101,0
DA:102,0
DA:103,0
DA:105,0
DA:106,0
DA:107,0
DA:110,0
DA:111,0
DA:112,0
DA:113,0
DA:118,0
DA:125,0
DA:126,0
DA:134,0
DA:141,0
DA:142,0
DA:143,0
DA:145,0
DA:149,0
DA:150,0
DA:151,0
DA:155,0
DA:156,0
DA:157,0
DA:158,0
DA:165,0
DA:166,0
DA:175,0
DA:179,0
DA:186,0
DA:203,0
DA:207,0
DA:213,0
DA:215,0
DA:222,0
DA:233,0
DA:261,0
DA:343,0
DA:377,0
DA:385,0
LF:85
LH:0
BRDA:25,0,0,0
BRDA:25,1,0,0
BRDA:25,1,1,0
BRDA:28,2,0,0
BRDA:28,2,1,0
BRDA:28,2,2,0
BRDA:28,2,3,0
BRDA:52,3,0,0
BRDA:53,4,0,0
BRDA:55,5,0,0
BRDA:56,6,0,0
BRDA:57,7,0,0
BRDA:79,8,0,0
BRDA:79,8,1,0
BRDA:86,9,0,0
BRDA:86,9,1,0
BRDA:91,10,0,0
BRDA:91,10,1,0
BRDA:91,11,0,0
BRDA:91,11,1,0
BRDA:93,12,0,0
BRDA:93,12,1,0
BRDA:93,13,0,0
BRDA:93,13,1,0
BRDA:93,13,2,0
BRDA:97,14,0,0
BRDA:97,14,1,0
BRDA:103,15,0,0
BRDA:103,15,1,0
BRDA:103,16,0,0
BRDA:103,16,1,0
BRDA:110,17,0,0
BRDA:110,17,1,0
BRDA:112,18,0,0
BRDA:112,18,1,0
BRDA:150,19,0,0
BRDA:213,20,0,0
BRDA:213,20,1,0
BRDA:242,21,0,0
BRDA:242,21,1,0
BRDA:248,22,0,0
BRDA:248,22,1,0
BRDA:265,23,0,0
BRDA:265,23,1,0
BRDA:268,24,0,0
BRDA:268,24,1,0
BRDA:281,25,0,0
BRDA:281,25,1,0
BRDA:293,26,0,0
BRDA:293,26,1,0
BRDA:304,27,0,0
BRDA:304,27,1,0
BRDA:306,28,0,0
BRDA:306,28,1,0
BRDA:310,29,0,0
BRDA:310,29,1,0
BRDA:317,30,0,0
BRDA:317,30,1,0
BRDA:318,31,0,0
BRDA:318,31,1,0
BRDA:318,31,2,0
BRDA:319,32,0,0
BRDA:319,32,1,0
BRDA:320,33,0,0
BRDA:320,33,1,0
BRDA:329,34,0,0
BRDA:329,34,1,0
BRDA:345,35,0,0
BRDA:345,35,1,0
BRDA:348,36,0,0
BRDA:348,36,1,0
BRDA:350,37,0,0
BRDA:350,37,1,0
BRDA:353,38,0,0
BRDA:353,38,1,0
BRF:75
BRH:0
end_of_record
TN:
SF:components/index.ts
FN:2,(anonymous_1)
FN:5,(anonymous_2)
FN:6,(anonymous_3)
FN:7,(anonymous_4)
FN:10,(anonymous_5)
FN:11,(anonymous_6)
FN:12,(anonymous_7)
FN:13,(anonymous_8)
FN:14,(anonymous_9)
FN:17,(anonymous_10)
FN:18,(anonymous_11)
FN:19,(anonymous_12)
FN:20,(anonymous_13)
FN:21,(anonymous_14)
FN:22,(anonymous_15)
FN:23,(anonymous_16)
FN:24,(anonymous_17)
FN:25,(anonymous_18)
FN:26,(anonymous_19)
FN:29,(anonymous_20)
FN:30,(anonymous_21)
FN:31,(anonymous_22)
FN:34,(anonymous_23)
FN:35,(anonymous_24)
FN:36,(anonymous_25)
FN:37,(anonymous_26)
FN:38,(anonymous_27)
FN:39,(anonymous_28)
FN:42,(anonymous_29)
FN:43,(anonymous_30)
FNF:30
FNH:0
FNDA:0,(anonymous_1)
FNDA:0,(anonymous_2)
FNDA:0,(anonymous_3)
FNDA:0,(anonymous_4)
FNDA:0,(anonymous_5)
FNDA:0,(anonymous_6)
FNDA:0,(anonymous_7)
FNDA:0,(anonymous_8)
FNDA:0,(anonymous_9)
FNDA:0,(anonymous_10)
FNDA:0,(anonymous_11)
FNDA:0,(anonymous_12)
FNDA:0,(anonymous_13)
FNDA:0,(anonymous_14)
FNDA:0,(anonymous_15)
FNDA:0,(anonymous_16)
FNDA:0,(anonymous_17)
FNDA:0,(anonymous_18)
FNDA:0,(anonymous_19)
FNDA:0,(anonymous_20)
FNDA:0,(anonymous_21)
FNDA:0,(anonymous_22)
FNDA:0,(anonymous_23)
FNDA:0,(anonymous_24)
FNDA:0,(anonymous_25)
FNDA:0,(anonymous_26)
FNDA:0,(anonymous_27)
FNDA:0,(anonymous_28)
FNDA:0,(anonymous_29)
FNDA:0,(anonymous_30)
DA:2,0
DA:5,0
DA:6,0
DA:7,0
DA:10,0
DA:11,0
DA:12,0
DA:13,0
DA:14,0
DA:17,0
DA:18,0
DA:19,0
DA:20,0
DA:21,0
DA:22,0
DA:23,0
DA:24,0
DA:25,0
DA:26,0
DA:29,0
DA:30,0
DA:31,0
DA:34,0
DA:35,0
DA:36,0
DA:37,0
DA:38,0
DA:39,0
DA:42,0
DA:43,0
LF:30
LH:0
BRF:0
BRH:0
end_of_record
TN:
SF:components/badges/BadgeAnalytics.tsx
FN:21,BadgeAnalytics
FN:28,(anonymous_2)
FN:41,(anonymous_3)
FN:42,(anonymous_4)
FN:43,(anonymous_5)
FN:44,(anonymous_6)
FN:49,(anonymous_7)
FN:50,(anonymous_8)
FN:51,(anonymous_9)
FN:52,(anonymous_10)
FN:53,(anonymous_11)
FN:58,(anonymous_12)
FN:68,(anonymous_13)
FN:82,(anonymous_14)
FN:85,(anonymous_15)
FN:97,(anonymous_16)
FNF:16
FNH:0
FNDA:0,BadgeAnalytics
FNDA:0,(anonymous_2)
FNDA:0,(anonymous_3)
FNDA:0,(anonymous_4)
FNDA:0,(anonymous_5)
FNDA:0,(anonymous_6)
FNDA:0,(anonymous_7)
FNDA:0,(anonymous_8)
FNDA:0,(anonymous_9)
FNDA:0,(anonymous_10)
FNDA:0,(anonymous_11)
FNDA:0,(anonymous_12)
FNDA:0,(anonymous_13)
FNDA:0,(anonymous_14)
FNDA:0,(anonymous_15)
FNDA:0,(anonymous_16)
DA:1,0
DA:2,0
DA:8,0
DA:9,0
DA:10,0
DA:11,0
DA:12,0
DA:13,0
DA:19,0
DA:21,0
DA:22,0
DA:23,0
DA:24,0
DA:25,0
DA:28,0
DA:30,0
DA:31,0
DA:32,0
DA:35,0
DA:40,0
DA:41,0
DA:42,0
DA:43,0
DA:44,0
DA:48,0
DA:49,0
DA:50,0
DA:51,0
DA:52,0
DA:53,0
DA:57,0
DA:59,0
DA:60,0
DA:61,0
DA:62,0
DA:67,0
DA:68,0
DA:70,0
DA:82,0
DA:83,0
DA:86,0
DA:97,0
DA:98,0
DA:111,0
DA:112,0
DA:114,0
DA:209,0
LF:47
LH:0
BRDA:35,0,0,0
BRDA:35,0,1,0
BRDA:41,1,0,0
BRDA:41,1,1,0
BRDA:57,2,0,0
BRDA:57,2,1,0
BRDA:67,3,0,0
BRDA:67,3,1,0
BRDA:179,4,0,0
BRDA:179,4,1,0
BRF:10
BRH:0
end_of_record
TN:
SF:components/badges/BadgeAnimations.tsx
FN:282,BadgeUnlockAnimation
FN:294,(anonymous_2)
FN:324,(anonymous_3)
FN:376,MicroAnimation
FN:380,(anonymous_5)
FNF:5
FNH:0
FNDA:0,BadgeUnlockAnimation
FNDA:0,(anonymous_2)
FNDA:0,(anonymous_3)
FNDA:0,MicroAnimation
FNDA:0,(anonymous_5)
DA:1,0
DA:2,0
DA:3,0
DA:4,0
DA:5,0
DA:15,0
DA:282,0
DA:288,0
DA:289,0
DA:290,0
DA:291,0
DA:292,0
DA:294,0
DA:295,0
DA:297,0
DA:311,0
DA:318,0
DA:319,0
DA:324,0
DA:325,0
DA:329,0
DA:333,0
DA:336,0
DA:339,0
DA:341,0
DA:345,0
DA:376,0
DA:377,0
DA:378,0
DA:380,0
DA:381,0
DA:382,0
DA:411,0
DA:416,0
DA:430,0
LF:35
LH:0
BRDA:284,0,0,0
BRDA:286,1,0,0
BRDA:295,2,0,0
BRDA:318,3,0,0
BRDA:325,4,0,0
BRDA:325,4,1,0
BRDA:325,4,2,0
BRDA:325,4,3,0
BRDA:325,4,4,0
BRDA:325,4,5,0
BRDA:325,4,6,0
BRDA:325,4,7,0
BRDA:325,4,8,0
BRDA:325,4,9,0
BRDA:325,4,10,0
BRDA:376,5,0,0
BRDA:381,6,0,0
BRF:17
BRH:0
end_of_record
TN:
SF:components/badges/BadgeComponents.tsx
FN:15,CreditConquerorBadge
FN:85,EmergencyHeroBadge
FN:158,NoSpendNinjaBadge
FN:220,StreakMasterBadge
FN:298,LevelBadge
FN:307,(anonymous_14)
FN:371,getBadgeComponent
FNF:7
FNH:0
FNDA:0,CreditConquerorBadge
FNDA:0,EmergencyHeroBadge
FNDA:0,NoSpendNinjaBadge
FNDA:0,StreakMasterBadge
FNDA:0,LevelBadge
FNDA:0,(anonymous_14)
FNDA:0,getBadgeComponent
DA:2,0
DA:3,0
DA:4,0
DA:5,0
DA:15,0
DA:21,0
DA:22,0
DA:24,0
DA:26,0
DA:33,0
DA:37,0
DA:85,0
DA:91,0
DA:92,0
DA:94,0
DA:96,0
DA:103,0
DA:107,0
DA:158,0
DA:164,0
DA:165,0
DA:167,0
DA:169,0
DA:176,0
DA:180,0
DA:220,0
DA:226,0
DA:227,0
DA:229,0
DA:231,0
DA:238,0
DA:242,0
DA:298,0
DA:304,0
DA:305,0
DA:307,0
DA:308,0
DA:309,0
DA:310,0
DA:311,0
DA:312,0
DA:315,0
DA:317,0
DA:359,0
DA:371,0
DA:372,0
DA:376,0
DA:380,0
DA:383,0
DA:386,0
DA:388,0
LF:51
LH:0
BRDA:16,0,0,0
BRDA:17,1,0,0
BRDA:18,2,0,0
BRDA:19,3,0,0
BRDA:24,4,0,0
BRDA:24,4,1,0
BRDA:33,5,0,0
BRDA:33,5,1,0
BRDA:45,6,0,0
BRDA:45,6,1,0
BRDA:45,6,2,0
BRDA:61,7,0,0
BRDA:61,7,1,0
BRDA:62,8,0,0
BRDA:62,8,1,0
BRDA:66,9,0,0
BRDA:66,9,1,0
BRDA:70,10,0,0
BRDA:70,10,1,0
BRDA:72,11,0,0
BRDA:72,11,1,0
BRDA:76,12,0,0
BRDA:76,12,1,0
BRDA:76,12,2,0
BRDA:86,13,0,0
BRDA:87,14,0,0
BRDA:88,15,0,0
BRDA:89,16,0,0
BRDA:94,17,0,0
BRDA:94,17,1,0
BRDA:103,18,0,0
BRDA:103,18,1,0
BRDA:115,19,0,0
BRDA:115,19,1,0
BRDA:115,19,2,0
BRDA:131,20,0,0
BRDA:131,20,1,0
BRDA:132,21,0,0
BRDA:132,21,1,0
BRDA:136,22,0,0
BRDA:136,22,1,0
BRDA:140,23,0,0
BRDA:140,23,1,0
BRDA:144,24,0,0
BRDA:144,24,1,0
BRDA:149,25,0,0
BRDA:149,25,1,0
BRDA:149,25,2,0
BRDA:159,26,0,0
BRDA:160,27,0,0
BRDA:161,28,0,0
BRDA:162,29,0,0
BRDA:167,30,0,0
BRDA:167,30,1,0
BRDA:176,31,0,0
BRDA:176,31,1,0
BRDA:188,32,0,0
BRDA:188,32,1,0
BRDA:188,32,2,0
BRDA:204,33,0,0
BRDA:204,33,1,0
BRDA:205,34,0,0
BRDA:205,34,1,0
BRDA:207,35,0,0
BRDA:207,35,1,0
BRDA:211,36,0,0
BRDA:211,36,1,0
BRDA:211,36,2,0
BRDA:221,37,0,0
BRDA:222,38,0,0
BRDA:223,39,0,0
BRDA:224,40,0,0
BRDA:229,41,0,0
BRDA:229,41,1,0
BRDA:238,42,0,0
BRDA:238,42,1,0
BRDA:250,43,0,0
BRDA:250,43,1,0
BRDA:250,43,2,0
BRDA:266,44,0,0
BRDA:266,44,1,0
BRDA:267,45,0,0
BRDA:267,45,1,0
BRDA:271,46,0,0
BRDA:271,46,1,0
BRDA:272,47,0,0
BRDA:272,47,1,0
BRDA:276,48,0,0
BRDA:276,48,1,0
BRDA:277,49,0,0
BRDA:277,49,1,0
BRDA:282,50,0,0
BRDA:282,50,1,0
BRDA:282,50,2,0
BRDA:301,51,0,0
BRDA:302,52,0,0
BRDA:308,53,0,0
BRDA:308,54,0,0
BRDA:308,54,1,0
BRDA:309,55,0,0
BRDA:309,56,0,0
BRDA:309,56,1,0
BRDA:310,57,0,0
BRDA:310,58,0,0
BRDA:310,58,1,0
BRDA:311,59,0,0
BRDA:311,60,0,0
BRDA:311,60,1,0
BRDA:334,61,0,0
BRDA:334,61,1,0
BRDA:372,62,0,0
BRDA:372,62,1,0
BRDA:372,62,2,0
BRDA:372,62,3,0
BRDA:372,62,4,0
BRDA:372,62,5,0
BRDA:372,62,6,0
BRDA:372,62,7,0
BRDA:372,62,8,0
BRDA:372,62,9,0
BRDA:372,62,10,0
BRF:121
BRH:0
end_of_record
TN:
SF:components/badges/BadgeGalleryModal.tsx
FN:44,BadgeGalleryModal
FN:55,(anonymous_1)
FN:58,(anonymous_2)
FN:59,(anonymous_3)
FN:62,(anonymous_4)
FN:63,(anonymous_5)
FN:243,(anonymous_6)
FN:248,(anonymous_7)
FN:249,(anonymous_8)
FN:254,(anonymous_9)
FN:255,(anonymous_10)
FN:260,(anonymous_11)
FN:270,(anonymous_12)
FN:341,(anonymous_13)
FN:351,(anonymous_14)
FN:362,(anonymous_15)
FN:376,(anonymous_16)
FN:431,(anonymous_17)
FNF:18
FNH:0
FNDA:0,BadgeGalleryModal
FNDA:0,(anonymous_1)
FNDA:0,(anonymous_2)
FNDA:0,(anonymous_3)
FNDA:0,(anonymous_4)
FNDA:0,(anonymous_5)
FNDA:0,(anonymous_6)
FNDA:0,(anonymous_7)
FNDA:0,(anonymous_8)
FNDA:0,(anonymous_9)
FNDA:0,(anonymous_10)
FNDA:0,(anonymous_11)
FNDA:0,(anonymous_12)
FNDA:0,(anonymous_13)
FNDA:0,(anonymous_14)
FNDA:0,(anonymous_15)
FNDA:0,(anonymous_16)
FNDA:0,(anonymous_17)
DA:1,0
DA:2,0
DA:11,0
DA:12,0
DA:13,0
DA:14,0
DA:16,0
DA:17,0
DA:24,0
DA:25,0
DA:33,0
DA:36,0
DA:44,0
DA:45,0
DA:46,0
DA:47,0
DA:48,0
DA:50,0
DA:52,0
DA:55,0
DA:57,0
DA:58,0
DA:59,0
DA:61,0
DA:62,0
DA:63,0
DA:65,0
DA:66,0
DA:67,0
DA:69,0
DA:243,0
DA:244,0
DA:248,0
DA:249,0
DA:250,0
DA:254,0
DA:255,0
DA:260,0
DA:261,0
DA:262,0
DA:263,0
DA:264,0
DA:265,0
DA:266,0
DA:270,0
DA:271,0
DA:272,0
DA:274,0
DA:341,0
DA:342,0
DA:343,0
DA:344,0
DA:345,0
DA:346,0
DA:347,0
DA:351,0
DA:352,0
DA:363,0
DA:364,0
DA:365,0
DA:376,0
DA:396,0
DA:432,0
DA:446,0
LF:64
LH:0
BRDA:58,0,0,0
BRDA:58,0,1,0
BRDA:59,1,0,0
BRDA:59,1,1,0
BRDA:63,2,0,0
BRDA:63,2,1,0
BRDA:67,3,0,0
BRDA:67,3,1,0
BRDA:244,4,0,0
BRDA:244,4,1,0
BRDA:250,5,0,0
BRDA:250,5,1,0
BRDA:261,6,0,0
BRDA:261,6,1,0
BRDA:261,6,2,0
BRDA:261,6,3,0
BRDA:261,6,4,0
BRDA:279,7,0,0
BRDA:279,7,1,0
BRDA:285,8,0,0
BRDA:285,8,1,0
BRDA:299,9,0,0
BRDA:299,9,1,0
BRDA:342,10,0,0
BRDA:342,10,1,0
BRDA:342,10,2,0
BRDA:342,10,3,0
BRDA:342,10,4,0
BRDA:371,11,0,0
BRDA:371,11,1,0
BRDA:372,12,0,0
BRDA:372,12,1,0
BRDA:380,13,0,0
BRDA:380,13,1,0
BRDA:385,14,0,0
BRDA:385,14,1,0
BRF:36
BRH:0
end_of_record
TN:
SF:components/badges/BadgeUnlockNotification.tsx
FN:25,BadgeUnlockNotification
FN:37,(anonymous_2)
FN:59,(anonymous_3)
FN:63,(anonymous_4)
FN:67,(anonymous_5)
FN:79,(anonymous_6)
FN:108,(anonymous_7)
FN:124,(anonymous_8)
FNF:8
FNH:0
FNDA:0,BadgeUnlockNotification
FNDA:0,(anonymous_2)
FNDA:0,(anonymous_3)
FNDA:0,(anonymous_4)
FNDA:0,(anonymous_5)
FNDA:0,(anonymous_6)
FNDA:0,(anonymous_7)
FNDA:0,(anonymous_8)
DA:1,0
DA:2,0
DA:9,0
DA:10,0
DA:11,0
DA:12,0
DA:13,0
DA:15,0
DA:23,0
DA:25,0
DA:30,0
DA:31,0
DA:33,0
DA:34,0
DA:35,0
DA:37,0
DA:38,0
DA:40,0
DA:59,0
DA:60,0
DA:63,0
DA:67,0
DA:68,0
DA:80,0
DA:84,0
DA:86,0
DA:88,0
DA:124,0
DA:159,0
LF:29
LH:0
BRDA:38,0,0,0
BRDA:84,1,0,0
BRF:2
BRH:0
end_of_record
TN:
SF:components/badges/index.ts
FN:2,(anonymous_0)
FN:3,(anonymous_1)
FN:4,(anonymous_2)
FN:5,(anonymous_3)
FN:6,(anonymous_4)
FN:7,(anonymous_5)
FN:11,(anonymous_6)
FN:12,(anonymous_7)
FN:15,(anonymous_8)
FNF:9
FNH:0
FNDA:0,(anonymous_0)
FNDA:0,(anonymous_1)
FNDA:0,(anonymous_2)
FNDA:0,(anonymous_3)
FNDA:0,(anonymous_4)
FNDA:0,(anonymous_5)
FNDA:0,(anonymous_6)
FNDA:0,(anonymous_7)
FNDA:0,(anonymous_8)
DA:1,0
DA:2,0
DA:3,0
DA:4,0
DA:5,0
DA:6,0
DA:7,0
DA:10,0
DA:11,0
DA:12,0
DA:15,0
LF:11
LH:0
BRF:0
BRH:0
end_of_record
TN:
SF:components/challenges/DynamicChallengeSuggestions.tsx
FN:54,DynamicChallengeSuggestions
FN:75,(anonymous_2)
FN:82,(anonymous_3)
FN:100,(anonymous_4)
FN:112,(anonymous_5)
FN:131,(anonymous_6)
FN:135,(anonymous_7)
FN:341,(anonymous_8)
FN:342,(anonymous_9)
FN:345,(anonymous_10)
FN:350,(anonymous_11)
FN:350,(anonymous_12)
FN:360,(anonymous_13)
FN:366,(anonymous_14)
FN:409,(anonymous_15)
FN:425,(anonymous_16)
FN:426,(anonymous_17)
FN:427,(anonymous_18)
FN:498,(anonymous_19)
FN:574,(anonymous_20)
FN:575,(anonymous_21)
FN:584,(anonymous_22)
FN:587,(anonymous_23)
FN:588,(anonymous_24)
FN:599,(anonymous_25)
FNF:25
FNH:0
FNDA:0,DynamicChallengeSuggestions
FNDA:0,(anonymous_2)
FNDA:0,(anonymous_3)
FNDA:0,(anonymous_4)
FNDA:0,(anonymous_5)
FNDA:0,(anonymous_6)
FNDA:0,(anonymous_7)
FNDA:0,(anonymous_8)
FNDA:0,(anonymous_9)
FNDA:0,(anonymous_10)
FNDA:0,(anonymous_11)
FNDA:0,(anonymous_12)
FNDA:0,(anonymous_13)
FNDA:0,(anonymous_14)
FNDA:0,(anonymous_15)
FNDA:0,(anonymous_16)
FNDA:0,(anonymous_17)
FNDA:0,(anonymous_18)
FNDA:0,(anonymous_19)
FNDA:0,(anonymous_20)
FNDA:0,(anonymous_21)
FNDA:0,(anonymous_22)
FNDA:0,(anonymous_23)
FNDA:0,(anonymous_24)
FNDA:0,(anonymous_25)
DA:1,0
DA:2,0
DA:11,0
DA:12,0
DA:13,0
DA:14,0
DA:15,0
DA:17,0
DA:47,0
DA:48,0
DA:49,0
DA:50,0
DA:51,0
DA:52,0
DA:54,0
DA:55,0
DA:56,0
DA:57,0
DA:58,0
DA:59,0
DA:60,0
DA:61,0
DA:64,0
DA:65,0
DA:68,0
DA:70,0
DA:71,0
DA:72,0
DA:75,0
DA:76,0
DA:77,0
DA:78,0
DA:82,0
DA:83,0
DA:84,0
DA:87,0
DA:90,0
DA:91,0
DA:96,0
DA:100,0
DA:101,0
DA:102,0
DA:103,0
DA:108,0
DA:112,0
DA:113,0
DA:114,0
DA:115,0
DA:116,0
DA:117,0
DA:122,0
DA:131,0
DA:132,0
DA:135,0
DA:136,0
DA:138,0
DA:140,0
DA:143,0
DA:146,0
DA:330,0
DA:331,0
DA:333,0
DA:335,0
DA:337,0
DA:341,0
DA:342,0
DA:345,0
DA:346,0
DA:347,0
DA:350,0
DA:351,0
DA:354,0
DA:356,0
DA:360,0
DA:361,0
DA:362,0
DA:363,0
DA:366,0
DA:367,0
DA:369,0
DA:371,0
DA:372,0
DA:373,0
DA:374,0
DA:376,0
DA:380,0
DA:381,0
DA:382,0
DA:383,0
DA:385,0
DA:389,0
DA:390,0
DA:391,0
DA:392,0
DA:394,0
DA:398,0
DA:402,0
DA:409,0
DA:410,0
DA:412,0
DA:425,0
DA:426,0
DA:427,0
DA:498,0
DA:512,0
DA:513,0
DA:524,0
DA:525,0
DA:540,0
DA:574,0
DA:576,0
DA:584,0
DA:587,0
DA:589,0
DA:599,0
DA:610,0
LF:116
LH:0
BRDA:64,0,0,0
BRDA:90,1,0,0
BRDA:102,2,0,0
BRDA:113,3,0,0
BRDA:113,3,1,0
BRDA:113,3,2,0
BRDA:113,3,3,0
BRDA:351,4,0,0
BRDA:351,4,1,0
BRDA:361,5,0,0
BRDA:362,6,0,0
BRDA:369,7,0,0
BRDA:369,7,1,0
BRDA:369,7,2,0
BRDA:369,7,3,0
BRDA:369,7,4,0
BRDA:371,8,0,0
BRDA:371,8,1,0
BRDA:373,9,0,0
BRDA:373,9,1,0
BRDA:380,10,0,0
BRDA:380,10,1,0
BRDA:382,11,0,0
BRDA:382,11,1,0
BRDA:389,12,0,0
BRDA:389,12,1,0
BRDA:391,13,0,0
BRDA:391,13,1,0
BRDA:421,14,0,0
BRDA:421,14,1,0
BRDA:422,15,0,0
BRDA:422,15,1,0
BRDA:483,16,0,0
BRDA:483,16,1,0
BRDA:483,17,0,0
BRDA:483,17,1,0
BRDA:502,18,0,0
BRDA:502,18,1,0
BRDA:512,19,0,0
BRDA:524,20,0,0
BRDA:584,21,0,0
BRDA:584,21,1,0
BRDA:594,22,0,0
BRDA:594,22,1,0
BRDA:595,23,0,0
BRDA:595,23,1,0
BRDA:596,24,0,0
BRDA:596,24,1,0
BRF:48
BRH:0
end_of_record
TN:
SF:components/feedback/CircularProgress.tsx
FN:16,CircularProgress
FNF:1
FNH:0
FNDA:0,CircularProgress
DA:2,0
DA:3,0
DA:4,0
DA:5,0
DA:6,0
DA:16,0
DA:23,0
DA:24,0
DA:25,0
DA:26,0
DA:28,0
DA:29,0
DA:31,0
DA:33,0
DA:71,0
LF:15
LH:0
BRDA:18,0,0,0
BRDA:19,1,0,0
BRDA:21,2,0,0
BRDA:26,3,0,0
BRDA:26,3,1,0
BRF:5
BRH:0
end_of_record
TN:
SF:components/feedback/EmptyState.tsx
FN:14,EmptyState
FN:22,(anonymous_1)
FNF:2
FNH:0
FNDA:0,EmptyState
FNDA:0,(anonymous_1)
DA:2,0
DA:3,0
DA:4,0
DA:5,0
DA:6,0
DA:14,0
DA:19,0
DA:20,0
DA:22,0
DA:23,0
DA:25,0
DA:27,0
DA:29,0
DA:31,0
DA:33,0
DA:37,0
DA:39,0
DA:57,0
LF:18
LH:0
BRDA:15,0,0,0
BRDA:23,1,0,0
BRDA:23,1,1,0
BRDA:23,1,2,0
BRDA:23,1,3,0
BRDA:23,1,4,0
BRF:6
BRH:0
end_of_record
TN:
SF:components/feedback/ProgressBar.tsx
FN:16,ProgressBar
FNF:1
FNH:0
FNDA:0,ProgressBar
DA:2,0
DA:3,0
DA:4,0
DA:5,0
DA:16,0
DA:24,0
DA:25,0
DA:26,0
DA:27,0
DA:28,0
DA:30,0
DA:67,0
LF:12
LH:0
BRDA:20,0,0,0
BRDA:21,1,0,0
BRDA:27,2,0,0
BRDA:27,2,1,0
BRDA:28,3,0,0
BRDA:28,3,1,0
BRDA:32,4,0,0
BRDA:32,4,1,0
BRDA:37,5,0,0
BRDA:37,5,1,0
BRF:10
BRH:0
end_of_record
TN:
SF:components/feedback/SuccessNotification.tsx
FN:18,SuccessNotification
FNF:1
FNH:0
FNDA:0,SuccessNotification
DA:2,0
DA:3,0
DA:4,0
DA:5,0
DA:6,0
DA:7,0
DA:18,0
DA:26,0
DA:27,0
DA:29,0
DA:30,0
DA:33,0
DA:86,0
LF:13
LH:0
BRDA:23,0,0,0
BRDA:24,1,0,0
BRDA:29,2,0,0
BRDA:58,3,0,0
BRDA:58,3,1,0
BRF:5
BRH:0
end_of_record
TN:
SF:components/feedback/index.ts
FN:1,(anonymous_1)
FN:2,(anonymous_2)
FN:3,(anonymous_3)
FN:4,(anonymous_4)
FNF:4
FNH:0
FNDA:0,(anonymous_1)
FNDA:0,(anonymous_2)
FNDA:0,(anonymous_3)
FNDA:0,(anonymous_4)
DA:1,0
DA:2,0
DA:3,0
DA:4,0
LF:4
LH:0
BRF:0
BRH:0
end_of_record
TN:
SF:components/forms/CategoryPicker.tsx
FN:24,CategoryPicker
FN:35,(anonymous_2)
FN:39,(anonymous_3)
FN:41,(anonymous_4)
FN:54,(anonymous_5)
FN:73,(anonymous_6)
FN:78,(anonymous_7)
FN:89,(anonymous_8)
FN:97,(anonymous_9)
FN:131,(anonymous_10)
FNF:10
FNH:0
FNDA:0,CategoryPicker
FNDA:0,(anonymous_2)
FNDA:0,(anonymous_3)
FNDA:0,(anonymous_4)
FNDA:0,(anonymous_5)
FNDA:0,(anonymous_6)
FNDA:0,(anonymous_7)
FNDA:0,(anonymous_8)
FNDA:0,(anonymous_9)
FNDA:0,(anonymous_10)
DA:1,0
DA:2,0
DA:10,0
DA:11,0
DA:12,0
DA:13,0
DA:15,0
DA:24,0
DA:30,0
DA:31,0
DA:32,0
DA:34,0
DA:35,0
DA:39,0
DA:41,0
DA:42,0
DA:43,0
DA:46,0
DA:48,0
DA:54,0
DA:73,0
DA:78,0
DA:90,0
DA:97,0
DA:131,0
DA:132,0
LF:26
LH:0
BRDA:27,0,0,0
BRDA:28,1,0,0
BRDA:39,2,0,0
BRDA:39,2,1,0
BRDA:94,3,0,0
BRDA:94,3,1,0
BRDA:110,4,0,0
BRDA:110,4,1,0
BRDA:117,5,0,0
BRDA:117,5,1,0
BRF:10
BRH:0
end_of_record
TN:
SF:components/forms/DatePicker.tsx
FN:25,DatePicker
FN:41,(anonymous_1)
FN:48,(anonymous_2)
FN:54,(anonymous_3)
FN:63,(anonymous_4)
FN:71,(anonymous_5)
FN:80,(anonymous_6)
FN:98,(anonymous_7)
FN:106,(anonymous_8)
FN:125,(anonymous_9)
FN:375,(anonymous_10)
FN:398,(anonymous_11)
FN:403,(anonymous_12)
FN:417,(anonymous_13)
FN:429,(anonymous_14)
FN:437,(anonymous_15)
FNF:16
FNH:0
FNDA:0,DatePicker
FNDA:0,(anonymous_1)
FNDA:0,(anonymous_2)
FNDA:0,(anonymous_3)
FNDA:0,(anonymous_4)
FNDA:0,(anonymous_5)
FNDA:0,(anonymous_6)
FNDA:0,(anonymous_7)
FNDA:0,(anonymous_8)
FNDA:0,(anonymous_9)
FNDA:0,(anonymous_10)
FNDA:0,(anonymous_11)
FNDA:0,(anonymous_12)
FNDA:0,(anonymous_13)
FNDA:0,(anonymous_14)
FNDA:0,(anonymous_15)
DA:1,0
DA:2,0
DA:10,0
DA:11,0
DA:12,0
DA:13,0
DA:14,0
DA:25,0
DA:33,0
DA:34,0
DA:35,0
DA:36,0
DA:37,0
DA:38,0
DA:41,0
DA:43,0
DA:44,0
DA:48,0
DA:51,0
DA:54,0
DA:55,0
DA:63,0
DA:64,0
DA:71,0
DA:73,0
DA:74,0
DA:76,0
DA:77,0
DA:80,0
DA:81,0
DA:82,0
DA:83,0
DA:84,0
DA:86,0
DA:89,0
DA:90,0
DA:91,0
DA:93,0
DA:98,0
DA:99,0
DA:100,0
DA:102,0
DA:103,0
DA:105,0
DA:107,0
DA:108,0
DA:110,0
DA:113,0
DA:115,0
DA:125,0
DA:152,0
DA:155,0
DA:158,0
DA:174,0
DA:369,0
DA:375,0
DA:398,0
DA:403,0
DA:417,0
DA:429,0
DA:438,0
LF:61
LH:0
BRDA:28,0,0,0
BRDA:31,1,0,0
BRDA:73,2,0,0
BRDA:73,3,0,0
BRDA:73,3,1,0
BRDA:74,4,0,0
BRDA:74,5,0,0
BRDA:74,5,1,0
BRDA:81,6,0,0
BRDA:81,6,1,0
BRDA:82,7,0,0
BRDA:82,7,1,0
BRDA:89,8,0,0
BRDA:89,8,1,0
BRDA:110,9,0,0
BRDA:110,9,1,0
BRDA:110,9,2,0
BRDA:110,9,3,0
BRDA:110,9,4,0
BRDA:120,10,0,0
BRDA:120,10,1,0
BRDA:121,11,0,0
BRDA:121,11,1,0
BRDA:122,12,0,0
BRDA:122,12,1,0
BRDA:122,12,2,0
BRDA:123,13,0,0
BRDA:123,13,1,0
BRDA:133,14,0,0
BRDA:133,14,1,0
BRDA:139,15,0,0
BRDA:139,15,1,0
BRDA:140,16,0,0
BRDA:140,16,1,0
BRDA:141,17,0,0
BRDA:141,17,1,0
BRDA:141,17,2,0
BRDA:142,18,0,0
BRDA:142,18,1,0
BRF:39
BRH:0
end_of_record
TN:
SF:components/forms/DayPicker.tsx
FN:20,DayPicker
FN:29,(anonymous_1)
FN:31,(anonymous_2)
FN:36,(anonymous_3)
FN:56,(anonymous_4)
FN:70,(anonymous_5)
FN:75,(anonymous_6)
FN:90,(anonymous_7)
FN:97,(anonymous_8)
FN:118,(anonymous_9)
FNF:10
FNH:0
FNDA:0,DayPicker
FNDA:0,(anonymous_1)
FNDA:0,(anonymous_2)
FNDA:0,(anonymous_3)
FNDA:0,(anonymous_4)
FNDA:0,(anonymous_5)
FNDA:0,(anonymous_6)
FNDA:0,(anonymous_7)
FNDA:0,(anonymous_8)
FNDA:0,(anonymous_9)
DA:1,0
DA:2,0
DA:10,0
DA:11,0
DA:12,0
DA:13,0
DA:20,0
DA:24,0
DA:25,0
DA:26,0
DA:29,0
DA:31,0
DA:32,0
DA:33,0
DA:36,0
DA:37,0
DA:38,0
DA:40,0
DA:42,0
DA:44,0
DA:46,0
DA:50,0
DA:52,0
DA:56,0
DA:70,0
DA:75,0
DA:91,0
DA:97,0
DA:118,0
DA:119,0
LF:30
LH:0
BRDA:37,0,0,0
BRDA:37,1,0,0
BRDA:37,1,1,0
BRDA:38,2,0,0
BRDA:38,2,1,0
BRDA:38,2,2,0
BRDA:38,2,3,0
BRDA:95,3,0,0
BRDA:95,3,1,0
BRDA:103,4,0,0
BRDA:103,4,1,0
BRF:11
BRH:0
end_of_record
TN:
SF:components/forms/GivenExpenseFrequencyPicker.tsx
FN:44,GivenExpenseFrequencyPicker
FN:54,(anonymous_1)
FN:57,(anonymous_2)
FN:70,(anonymous_3)
FN:88,(anonymous_4)
FN:93,(anonymous_5)
FN:104,(anonymous_6)
FN:112,(anonymous_7)
FN:145,(anonymous_8)
FNF:9
FNH:0
FNDA:0,GivenExpenseFrequencyPicker
FNDA:0,(anonymous_1)
FNDA:0,(anonymous_2)
FNDA:0,(anonymous_3)
FNDA:0,(anonymous_4)
FNDA:0,(anonymous_5)
FNDA:0,(anonymous_6)
FNDA:0,(anonymous_7)
FNDA:0,(anonymous_8)
DA:1,0
DA:2,0
DA:10,0
DA:11,0
DA:12,0
DA:13,0
DA:26,0
DA:44,0
DA:49,0
DA:50,0
DA:51,0
DA:54,0
DA:57,0
DA:58,0
DA:59,0
DA:62,0
DA:64,0
DA:70,0
DA:88,0
DA:93,0
DA:105,0
DA:112,0
DA:145,0
DA:146,0
LF:24
LH:0
BRDA:47,0,0,0
BRDA:54,1,0,0
BRDA:54,1,1,0
BRDA:109,2,0,0
BRDA:109,2,1,0
BRDA:120,3,0,0
BRDA:120,3,1,0
BRDA:131,4,0,0
BRDA:131,4,1,0
BRF:9
BRH:0
end_of_record
TN:
SF:components/forms/MonthlyDaysPicker.tsx
FN:20,MonthlyDaysPicker
FN:28,(anonymous_2)
FN:36,(anonymous_3)
FN:41,(anonymous_4)
FN:42,(anonymous_5)
FN:45,(anonymous_6)
FN:51,(anonymous_7)
FN:108,(anonymous_8)
FN:115,(anonymous_9)
FNF:9
FNH:0
FNDA:0,MonthlyDaysPicker
FNDA:0,(anonymous_2)
FNDA:0,(anonymous_3)
FNDA:0,(anonymous_4)
FNDA:0,(anonymous_5)
FNDA:0,(anonymous_6)
FNDA:0,(anonymous_7)
FNDA:0,(anonymous_8)
FNDA:0,(anonymous_9)
DA:1,0
DA:2,0
DA:9,0
DA:10,0
DA:11,0
DA:20,0
DA:26,0
DA:28,0
DA:29,0
DA:30,0
DA:36,0
DA:37,0
DA:41,0
DA:42,0
DA:45,0
DA:46,0
DA:47,0
DA:51,0
DA:52,0
DA:53,0
DA:55,0
DA:57,0
DA:59,0
DA:61,0
DA:65,0
DA:109,0
DA:115,0
DA:136,0
LF:28
LH:0
BRDA:23,0,0,0
BRDA:24,1,0,0
BRDA:30,2,0,0
BRDA:31,3,0,0
BRDA:31,3,1,0
BRDA:31,3,2,0
BRDA:31,3,3,0
BRDA:46,4,0,0
BRDA:52,5,0,0
BRDA:52,6,0,0
BRDA:52,6,1,0
BRDA:53,7,0,0
BRDA:53,7,1,0
BRDA:53,7,2,0
BRDA:53,7,3,0
BRDA:87,8,0,0
BRDA:87,8,1,0
BRDA:90,9,0,0
BRDA:90,9,1,0
BRDA:96,10,0,0
BRDA:96,10,1,0
BRDA:104,11,0,0
BRDA:104,11,1,0
BRDA:127,12,0,0
BRDA:127,12,1,0
BRF:25
BRH:0
end_of_record
TN:
SF:components/forms/PayCadencePicker.tsx
FN:49,PayCadencePicker
FN:59,(anonymous_1)
FN:62,(anonymous_2)
FN:204,(anonymous_3)
FN:223,(anonymous_4)
FN:241,(anonymous_5)
FN:246,(anonymous_6)
FN:260,(anonymous_7)
FN:268,(anonymous_8)
FNF:9
FNH:0
FNDA:0,PayCadencePicker
FNDA:0,(anonymous_1)
FNDA:0,(anonymous_2)
FNDA:0,(anonymous_3)
FNDA:0,(anonymous_4)
FNDA:0,(anonymous_5)
FNDA:0,(anonymous_6)
FNDA:0,(anonymous_7)
FNDA:0,(anonymous_8)
DA:1,0
DA:2,0
DA:10,0
DA:11,0
DA:12,0
DA:13,0
DA:21,0
DA:49,0
DA:53,0
DA:54,0
DA:55,0
DA:56,0
DA:58,0
DA:59,0
DA:62,0
DA:63,0
DA:64,0
DA:68,0
DA:199,0
DA:204,0
DA:223,0
DA:241,0
DA:246,0
DA:261,0
DA:268,0
LF:25
LH:0
BRDA:212,0,0,0
BRDA:212,0,1,0
BRDA:265,1,0,0
BRDA:265,1,1,0
BRDA:275,2,0,0
BRDA:275,2,1,0
BRDA:284,3,0,0
BRDA:284,3,1,0
BRDA:291,4,0,0
BRDA:291,4,1,0
BRF:10
BRH:0
end_of_record
TN:
SF:components/forms/Slider.tsx
FN:18,Slider
FN:36,(anonymous_10)
FN:41,(anonymous_11)
FN:76,(anonymous_12)
FNF:4
FNH:0
FNDA:0,Slider
FNDA:0,(anonymous_10)
FNDA:0,(anonymous_11)
FNDA:0,(anonymous_12)
DA:1,0
DA:2,0
DA:3,0
DA:4,0
DA:5,0
DA:18,0
DA:28,0
DA:29,0
DA:30,0
DA:33,0
DA:36,0
DA:37,0
DA:41,0
DA:42,0
DA:43,0
DA:45,0
DA:47,0
DA:48,0
DA:53,0
DA:54,0
DA:57,0
DA:59,0
DA:76,0
DA:104,0
LF:24
LH:0
BRDA:21,0,0,0
BRDA:22,1,0,0
BRDA:23,2,0,0
BRDA:25,3,0,0
BRDA:57,4,0,0
BRDA:57,4,1,0
BRDA:61,5,0,0
BRDA:61,5,1,0
BRDA:64,6,0,0
BRDA:64,6,1,0
BRF:10
BRH:0
end_of_record
TN:
SF:components/forms/TimePicker.tsx
FN:12,TimePicker
FN:24,(anonymous_2)
FN:25,(anonymous_3)
FN:27,(anonymous_4)
FN:33,(anonymous_5)
FN:56,(anonymous_6)
FN:63,(anonymous_7)
FN:85,(anonymous_8)
FN:86,(anonymous_9)
FN:93,(anonymous_10)
FNF:10
FNH:0
FNDA:0,TimePicker
FNDA:0,(anonymous_2)
FNDA:0,(anonymous_3)
FNDA:0,(anonymous_4)
FNDA:0,(anonymous_5)
FNDA:0,(anonymous_6)
FNDA:0,(anonymous_7)
FNDA:0,(anonymous_8)
FNDA:0,(anonymous_9)
FNDA:0,(anonymous_10)
DA:1,0
DA:2,0
DA:3,0
DA:4,0
DA:12,0
DA:17,0
DA:20,0
DA:24,0
DA:25,0
DA:27,0
DA:28,0
DA:29,0
DA:30,0
DA:33,0
DA:34,0
DA:35,0
DA:36,0
DA:39,0
DA:57,0
DA:63,0
DA:85,0
DA:87,0
DA:93,0
DA:122,0
LF:24
LH:0
BRDA:34,0,0,0
BRDA:34,0,1,0
BRDA:35,1,0,0
BRDA:35,1,1,0
BRDA:61,2,0,0
BRDA:61,2,1,0
BRDA:68,3,0,0
BRDA:68,3,1,0
BRDA:91,4,0,0
BRDA:91,4,1,0
BRDA:98,5,0,0
BRDA:98,5,1,0
BRF:12
BRH:0
end_of_record
TN:
SF:components/forms/TransactionForm.tsx
FN:56,TransactionForm
FN:85,(anonymous_2)
FN:97,(anonymous_3)
FN:232,(anonymous_4)
FNF:4
FNH:0
FNDA:0,TransactionForm
FNDA:0,(anonymous_2)
FNDA:0,(anonymous_3)
FNDA:0,(anonymous_4)
DA:2,0
DA:12,0
DA:13,0
DA:14,0
DA:21,0
DA:22,0
DA:23,0
DA:24,0
DA:25,0
DA:26,0
DA:56,0
DA:82,0
DA:83,0
DA:85,0
DA:86,0
DA:87,0
DA:88,0
DA:89,0
DA:91,0
DA:92,0
DA:94,0
DA:97,0
DA:98,0
DA:99,0
DA:109,0
DA:110,0
DA:120,0
DA:123,0
DA:232,0
DA:344,0
LF:30
LH:0
BRDA:88,0,0,0
BRDA:91,1,0,0
BRDA:91,2,0,0
BRDA:91,2,1,0
BRDA:98,3,0,0
BRDA:109,4,0,0
BRDA:130,5,0,0
BRDA:130,5,1,0
BRDA:147,6,0,0
BRDA:147,6,1,0
BRDA:157,7,0,0
BRDA:157,7,1,0
BRDA:169,8,0,0
BRDA:169,8,1,0
BRDA:179,9,0,0
BRDA:179,9,1,0
BRDA:266,10,0,0
BRDA:266,10,1,0
BRDA:272,11,0,0
BRDA:272,11,1,0
BRDA:309,12,0,0
BRDA:309,12,1,0
BRF:22
BRH:0
end_of_record
TN:
SF:components/forms/WeekDayPicker.tsx
FN:29,WeekDayPicker
FN:35,(anonymous_2)
FN:41,(anonymous_3)
FN:47,(anonymous_4)
FN:58,(anonymous_5)
FN:63,(anonymous_6)
FN:77,(anonymous_7)
FN:84,(anonymous_8)
FNF:8
FNH:0
FNDA:0,WeekDayPicker
FNDA:0,(anonymous_2)
FNDA:0,(anonymous_3)
FNDA:0,(anonymous_4)
FNDA:0,(anonymous_5)
FNDA:0,(anonymous_6)
FNDA:0,(anonymous_7)
FNDA:0,(anonymous_8)
DA:1,0
DA:2,0
DA:10,0
DA:11,0
DA:12,0
DA:19,0
DA:29,0
DA:33,0
DA:35,0
DA:36,0
DA:37,0
DA:41,0
DA:43,0
DA:47,0
DA:58,0
DA:63,0
DA:78,0
DA:84,0
DA:108,0
LF:19
LH:0
BRDA:41,0,0,0
BRDA:41,0,1,0
BRDA:82,1,0,0
BRDA:82,1,1,0
BRDA:90,2,0,0
BRDA:90,2,1,0
BRDA:95,3,0,0
BRDA:95,3,1,0
BRF:8
BRH:0
end_of_record
TN:
SF:components/forms/WeekNumberPicker.tsx
FN:26,WeekNumberPicker
FN:32,(anonymous_2)
FN:38,(anonymous_3)
FN:44,(anonymous_4)
FN:55,(anonymous_5)
FN:60,(anonymous_6)
FN:74,(anonymous_7)
FN:81,(anonymous_8)
FNF:8
FNH:0
FNDA:0,WeekNumberPicker
FNDA:0,(anonymous_2)
FNDA:0,(anonymous_3)
FNDA:0,(anonymous_4)
FNDA:0,(anonymous_5)
FNDA:0,(anonymous_6)
FNDA:0,(anonymous_7)
FNDA:0,(anonymous_8)
DA:1,0
DA:2,0
DA:10,0
DA:11,0
DA:12,0
DA:19,0
DA:26,0
DA:30,0
DA:32,0
DA:33,0
DA:34,0
DA:38,0
DA:40,0
DA:44,0
DA:55,0
DA:60,0
DA:75,0
DA:81,0
DA:116,0
LF:19
LH:0
BRDA:38,0,0,0
BRDA:38,0,1,0
BRDA:79,1,0,0
BRDA:79,1,1,0
BRDA:88,2,0,0
BRDA:88,2,1,0
BRDA:96,3,0,0
BRDA:96,3,1,0
BRDA:103,4,0,0
BRDA:103,4,1,0
BRF:10
BRH:0
end_of_record
TN:
SF:components/forms/index.ts
FN:1,(anonymous_1)
FN:2,(anonymous_2)
FN:3,(anonymous_3)
FN:4,(anonymous_4)
FN:5,(anonymous_5)
FN:6,(anonymous_6)
FN:7,(anonymous_7)
FN:8,(anonymous_8)
FN:9,(anonymous_9)
FN:10,(anonymous_10)
FN:11,(anonymous_11)
FNF:11
FNH:0
FNDA:0,(anonymous_1)
FNDA:0,(anonymous_2)
FNDA:0,(anonymous_3)
FNDA:0,(anonymous_4)
FNDA:0,(anonymous_5)
FNDA:0,(anonymous_6)
FNDA:0,(anonymous_7)
FNDA:0,(anonymous_8)
FNDA:0,(anonymous_9)
FNDA:0,(anonymous_10)
FNDA:0,(anonymous_11)
DA:1,0
DA:2,0
DA:3,0
DA:4,0
DA:5,0
DA:6,0
DA:7,0
DA:8,0
DA:9,0
DA:10,0
DA:11,0
LF:11
LH:0
BRF:0
BRH:0
end_of_record
TN:
SF:components/goals/MicroGoals.tsx
FN:62,MicroGoals
FN:184,(anonymous_2)
FN:189,(anonymous_3)
FN:330,(anonymous_4)
FN:331,(anonymous_5)
FN:334,(anonymous_6)
FN:339,(anonymous_7)
FN:339,(anonymous_8)
FN:354,(anonymous_9)
FN:359,(anonymous_10)
FN:359,(anonymous_11)
FN:376,(anonymous_12)
FN:385,(anonymous_13)
FN:386,(anonymous_14)
FN:386,(anonymous_15)
FN:387,(anonymous_16)
FN:388,(anonymous_17)
FN:396,(anonymous_18)
FN:405,(anonymous_19)
FN:415,(anonymous_20)
FN:421,(anonymous_21)
FN:428,(anonymous_22)
FN:474,(anonymous_23)
FN:510,(anonymous_24)
FN:522,(anonymous_25)
FN:533,(anonymous_26)
FN:567,(anonymous_27)
FN:574,(anonymous_28)
FN:575,(anonymous_29)
FN:586,(anonymous_30)
FN:587,(anonymous_31)
FN:591,(anonymous_32)
FN:641,(anonymous_33)
FN:652,(anonymous_34)
FN:663,(anonymous_35)
FNF:35
FNH:0
FNDA:0,MicroGoals
FNDA:0,(anonymous_2)
FNDA:0,(anonymous_3)
FNDA:0,(anonymous_4)
FNDA:0,(anonymous_5)
FNDA:0,(anonymous_6)
FNDA:0,(anonymous_7)
FNDA:0,(anonymous_8)
FNDA:0,(anonymous_9)
FNDA:0,(anonymous_10)
FNDA:0,(anonymous_11)
FNDA:0,(anonymous_12)
FNDA:0,(anonymous_13)
FNDA:0,(anonymous_14)
FNDA:0,(anonymous_15)
FNDA:0,(anonymous_16)
FNDA:0,(anonymous_17)
FNDA:0,(anonymous_18)
FNDA:0,(anonymous_19)
FNDA:0,(anonymous_20)
FNDA:0,(anonymous_21)
FNDA:0,(anonymous_22)
FNDA:0,(anonymous_23)
FNDA:0,(anonymous_24)
FNDA:0,(anonymous_25)
FNDA:0,(anonymous_26)
FNDA:0,(anonymous_27)
FNDA:0,(anonymous_28)
FNDA:0,(anonymous_29)
FNDA:0,(anonymous_30)
FNDA:0,(anonymous_31)
FNDA:0,(anonymous_32)
FNDA:0,(anonymous_33)
FNDA:0,(anonymous_34)
FNDA:0,(anonymous_35)
DA:1,0
DA:2,0
DA:12,0
DA:13,0
DA:14,0
DA:15,0
DA:16,0
DA:18,0
DA:55,0
DA:56,0
DA:57,0
DA:58,0
DA:59,0
DA:60,0
DA:62,0
DA:63,0
DA:64,0
DA:65,0
DA:66,0
DA:67,0
DA:69,0
DA:70,0
DA:71,0
DA:72,0
DA:73,0
DA:77,0
DA:184,0
DA:186,0
DA:189,0
DA:190,0
DA:192,0
DA:322,0
DA:323,0
DA:324,0
DA:326,0
DA:330,0
DA:331,0
DA:334,0
DA:335,0
DA:336,0
DA:339,0
DA:340,0
DA:344,0
DA:350,0
DA:354,0
DA:355,0
DA:356,0
DA:359,0
DA:360,0
DA:364,0
DA:370,0
DA:372,0
DA:376,0
DA:377,0
DA:386,0
DA:387,0
DA:388,0
DA:396,0
DA:397,0
DA:398,0
DA:399,0
DA:400,0
DA:401,0
DA:405,0
DA:406,0
DA:407,0
DA:408,0
DA:409,0
DA:410,0
DA:411,0
DA:415,0
DA:416,0
DA:417,0
DA:418,0
DA:421,0
DA:422,0
DA:428,0
DA:429,0
DA:430,0
DA:431,0
DA:434,0
DA:440,0
DA:455,0
DA:462,0
DA:468,0
DA:474,0
DA:475,0
DA:482,0
DA:496,0
DA:510,0
DA:511,0
DA:512,0
DA:518,0
DA:519,0
DA:522,0
DA:530,0
DA:533,0
DA:543,0
DA:548,0
DA:554,0
DA:568,0
DA:569,0
DA:570,0
DA:571,0
DA:574,0
DA:575,0
DA:585,0
DA:586,0
DA:587,0
DA:591,0
DA:592,0
DA:593,0
DA:596,0
DA:599,0
DA:600,0
DA:605,0
DA:608,0
DA:642,0
DA:653,0
DA:663,0
DA:674,0
LF:121
LH:0
BRDA:340,0,0,0
BRDA:340,0,1,0
BRDA:360,1,0,0
BRDA:360,1,1,0
BRDA:388,2,0,0
BRDA:388,2,1,0
BRDA:397,3,0,0
BRDA:397,3,1,0
BRDA:397,3,2,0
BRDA:397,3,3,0
BRDA:406,4,0,0
BRDA:406,4,1,0
BRDA:406,4,2,0
BRDA:406,4,3,0
BRDA:406,4,4,0
BRDA:487,5,0,0
BRDA:487,5,1,0
BRDA:502,6,0,0
BRDA:502,6,1,0
BRDA:502,6,2,0
BRDA:511,7,0,0
BRDA:511,7,1,0
BRDA:518,8,0,0
BRDA:518,8,1,0
BRDA:543,9,0,0
BRDA:543,9,1,0
BRDA:563,10,0,0
BRDA:563,10,1,0
BRDA:564,11,0,0
BRDA:564,11,1,0
BRDA:568,12,0,0
BRDA:568,12,1,0
BRDA:570,13,0,0
BRDA:587,14,0,0
BRDA:587,14,1,0
BRDA:599,15,0,0
BRDA:650,16,0,0
BRDA:650,16,1,0
BRDA:658,17,0,0
BRDA:658,17,1,0
BRDA:659,18,0,0
BRDA:659,18,1,0
BRDA:660,19,0,0
BRDA:660,19,1,0
BRF:44
BRH:0
end_of_record
TN:
SF:components/layout/Button.tsx
FN:36,Button
FN:54,(anonymous_1)
FN:73,(anonymous_2)
FNF:3
FNH:0
FNDA:0,Button
FNDA:0,(anonymous_1)
FNDA:0,(anonymous_2)
DA:2,0
DA:10,0
DA:11,0
DA:36,0
DA:51,0
DA:52,0
DA:54,0
DA:55,0
DA:57,0
DA:59,0
DA:61,0
DA:67,0
DA:69,0
DA:73,0
DA:74,0
DA:77,0
DA:80,0
DA:82,0
DA:86,0
DA:88,0
DA:97,0
DA:105,0
DA:139,0
LF:23
LH:0
BRDA:39,0,0,0
BRDA:40,1,0,0
BRDA:41,2,0,0
BRDA:42,3,0,0
BRDA:43,4,0,0
BRDA:48,5,0,0
BRDA:55,6,0,0
BRDA:55,6,1,0
BRDA:55,6,2,0
BRDA:55,6,3,0
BRDA:55,6,4,0
BRDA:74,7,0,0
BRDA:74,7,1,0
BRDA:74,7,2,0
BRDA:74,7,3,0
BRDA:74,7,4,0
BRDA:91,8,0,0
BRDA:91,8,1,0
BRDA:93,9,0,0
BRDA:93,9,1,0
BRDA:100,10,0,0
BRDA:100,10,1,0
BRDA:101,11,0,0
BRDA:101,11,1,0
BRDA:109,12,0,0
BRDA:109,12,1,0
BRDA:111,13,0,0
BRDA:111,13,1,0
BRDA:114,14,0,0
BRDA:114,14,1,0
BRDA:118,15,0,0
BRDA:118,15,1,0
BRDA:121,16,0,0
BRDA:121,16,1,0
BRDA:121,17,0,0
BRDA:121,17,1,0
BRF:36
BRH:0
end_of_record
TN:
SF:components/layout/Card.tsx
FN:23,Card
FNF:1
FNH:0
FNDA:0,Card
DA:2,0
DA:3,0
DA:4,0
DA:5,0
DA:6,0
DA:23,0
DA:31,0
DA:32,0
DA:33,0
DA:35,0
DA:53,0
DA:65,0
LF:12
LH:0
BRDA:29,0,0,0
BRDA:42,1,0,0
BRDA:42,1,1,0
BRDA:46,2,0,0
BRDA:46,2,1,0
BRDA:55,3,0,0
BRDA:55,3,1,0
BRF:7
BRH:0
end_of_record
TN:
SF:components/layout/Header.tsx
FN:25,Header
FN:128,(anonymous_2)
FN:137,(anonymous_3)
FN:149,(anonymous_4)
FNF:4
FNH:0
FNDA:0,Header
FNDA:0,(anonymous_2)
FNDA:0,(anonymous_3)
FNDA:0,(anonymous_4)
DA:1,0
DA:2,0
DA:3,0
DA:4,0
DA:5,0
DA:6,0
DA:7,0
DA:8,0
DA:9,0
DA:25,0
DA:32,0
DA:33,0
DA:38,0
DA:40,0
DA:41,0
DA:42,0
DA:43,0
DA:46,0
DA:47,0
DA:49,0
DA:51,0
DA:52,0
DA:53,0
DA:57,0
DA:105,0
DA:128,0
DA:137,0
DA:149,0
LF:28
LH:0
BRDA:28,0,0,0
BRDA:29,1,0,0
BRDA:42,2,0,0
BRDA:42,2,1,0
BRDA:47,3,0,0
BRDA:47,3,1,0
BRDA:110,4,0,0
BRDA:110,4,1,0
BRDA:117,5,0,0
BRDA:117,5,1,0
BRDA:117,5,2,0
BRDA:119,6,0,0
BRDA:119,6,1,0
BRDA:128,7,0,0
BRDA:128,7,1,0
BRDA:134,8,0,0
BRDA:134,8,1,0
BRF:17
BRH:0
end_of_record
TN:
SF:components/layout/index.ts
FN:1,(anonymous_1)
FN:2,(anonymous_2)
FN:3,(anonymous_3)
FNF:3
FNH:0
FNDA:0,(anonymous_1)
FNDA:0,(anonymous_2)
FNDA:0,(anonymous_3)
DA:1,0
DA:2,0
DA:3,0
LF:3
LH:0
BRF:0
BRH:0
end_of_record
TN:
SF:components/milestones/EliteMilestones.tsx
FN:48,EliteMilestones
FN:57,(anonymous_2)
FN:60,(anonymous_3)
FN:61,(anonymous_4)
FN:64,(anonymous_5)
FN:65,(anonymous_6)
FN:267,(anonymous_7)
FN:282,(anonymous_8)
FN:284,(anonymous_9)
FN:294,(anonymous_10)
FN:304,(anonymous_11)
FN:312,(anonymous_12)
FN:385,(anonymous_13)
FN:392,(anonymous_14)
FN:402,(anonymous_15)
FN:420,(anonymous_16)
FNF:16
FNH:0
FNDA:0,EliteMilestones
FNDA:0,(anonymous_2)
FNDA:0,(anonymous_3)
FNDA:0,(anonymous_4)
FNDA:0,(anonymous_5)
FNDA:0,(anonymous_6)
FNDA:0,(anonymous_7)
FNDA:0,(anonymous_8)
FNDA:0,(anonymous_9)
FNDA:0,(anonymous_10)
FNDA:0,(anonymous_11)
FNDA:0,(anonymous_12)
FNDA:0,(anonymous_13)
FNDA:0,(anonymous_14)
FNDA:0,(anonymous_15)
FNDA:0,(anonymous_16)
DA:1,0
DA:2,0
DA:9,0
DA:10,0
DA:11,0
DA:12,0
DA:13,0
DA:14,0
DA:48,0
DA:49,0
DA:50,0
DA:51,0
DA:53,0
DA:54,0
DA:57,0
DA:59,0
DA:60,0
DA:61,0
DA:63,0
DA:64,0
DA:65,0
DA:67,0
DA:68,0
DA:69,0
DA:71,0
DA:267,0
DA:268,0
DA:269,0
DA:272,0
DA:280,0
DA:282,0
DA:284,0
DA:285,0
DA:286,0
DA:287,0
DA:288,0
DA:289,0
DA:290,0
DA:294,0
DA:295,0
DA:296,0
DA:297,0
DA:298,0
DA:299,0
DA:300,0
DA:304,0
DA:305,0
DA:306,0
DA:307,0
DA:309,0
DA:312,0
DA:385,0
DA:386,0
DA:393,0
DA:394,0
DA:402,0
DA:420,0
DA:421,0
DA:423,0
DA:464,0
LF:60
LH:0
BRDA:60,0,0,0
BRDA:60,0,1,0
BRDA:61,1,0,0
BRDA:61,1,1,0
BRDA:65,2,0,0
BRDA:65,2,1,0
BRDA:69,3,0,0
BRDA:69,3,1,0
BRDA:280,4,0,0
BRDA:280,4,1,0
BRDA:285,5,0,0
BRDA:285,5,1,0
BRDA:285,5,2,0
BRDA:285,5,3,0
BRDA:285,5,4,0
BRDA:295,6,0,0
BRDA:295,6,1,0
BRDA:295,6,2,0
BRDA:295,6,3,0
BRDA:295,6,4,0
BRDA:319,7,0,0
BRDA:319,7,1,0
BRDA:331,8,0,0
BRDA:331,8,1,0
BRDA:375,9,0,0
BRDA:375,9,1,0
BRDA:400,10,0,0
BRDA:400,10,1,0
BRDA:406,11,0,0
BRDA:406,11,1,0
BRDA:410,12,0,0
BRDA:410,12,1,0
BRDA:449,13,0,0
BRDA:449,13,1,0
BRF:34
BRH:0
end_of_record
TN:
SF:components/modals/AddTransactionModal.tsx
FN:68,AddTransactionModal
FN:112,(anonymous_2)
FN:167,(anonymous_3)
FN:180,(anonymous_4)
FN:190,(anonymous_5)
FN:196,(anonymous_6)
FN:207,(anonymous_7)
FN:219,(anonymous_8)
FN:229,(anonymous_9)
FN:342,(anonymous_10)
FN:347,(anonymous_11)
FN:356,(anonymous_12)
FN:363,(anonymous_13)
FN:388,(anonymous_14)
FN:393,(anonymous_15)
FN:400,(anonymous_16)
FN:416,(anonymous_17)
FN:419,(anonymous_18)
FN:436,(anonymous_19)
FN:449,(anonymous_20)
FN:461,(anonymous_21)
FN:474,(anonymous_22)
FN:497,(anonymous_23)
FN:498,(anonymous_24)
FN:505,(anonymous_25)
FN:511,(anonymous_26)
FN:529,(anonymous_27)
FN:530,(anonymous_28)
FN:530,(anonymous_29)
FN:545,(anonymous_30)
FN:551,(anonymous_31)
FN:555,(anonymous_32)
FN:561,(anonymous_33)
FN:577,(anonymous_34)
FN:585,(anonymous_35)
FN:612,(anonymous_36)
FN:619,(anonymous_37)
FN:630,(anonymous_38)
FN:721,(anonymous_39)
FN:731,(anonymous_40)
FN:736,(anonymous_41)
FN:747,(anonymous_42)
FN:754,(anonymous_43)
FN:1082,(anonymous_44)
FN:1102,(anonymous_45)
FN:1155,(anonymous_46)
FN:1254,(anonymous_47)
FN:1262,(anonymous_48)
FN:1277,(anonymous_49)
FN:1308,(anonymous_50)
FN:1310,(anonymous_51)
FN:1333,(anonymous_52)
FN:1344,(anonymous_53)
FNF:53
FNH:0
FNDA:0,AddTransactionModal
FNDA:0,(anonymous_2)
FNDA:0,(anonymous_3)
FNDA:0,(anonymous_4)
FNDA:0,(anonymous_5)
FNDA:0,(anonymous_6)
FNDA:0,(anonymous_7)
FNDA:0,(anonymous_8)
FNDA:0,(anonymous_9)
FNDA:0,(anonymous_10)
FNDA:0,(anonymous_11)
FNDA:0,(anonymous_12)
FNDA:0,(anonymous_13)
FNDA:0,(anonymous_14)
FNDA:0,(anonymous_15)
FNDA:0,(anonymous_16)
FNDA:0,(anonymous_17)
FNDA:0,(anonymous_18)
FNDA:0,(anonymous_19)
FNDA:0,(anonymous_20)
FNDA:0,(anonymous_21)
FNDA:0,(anonymous_22)
FNDA:0,(anonymous_23)
FNDA:0,(anonymous_24)
FNDA:0,(anonymous_25)
FNDA:0,(anonymous_26)
FNDA:0,(anonymous_27)
FNDA:0,(anonymous_28)
FNDA:0,(anonymous_29)
FNDA:0,(anonymous_30)
FNDA:0,(anonymous_31)
FNDA:0,(anonymous_32)
FNDA:0,(anonymous_33)
FNDA:0,(anonymous_34)
FNDA:0,(anonymous_35)
FNDA:0,(anonymous_36)
FNDA:0,(anonymous_37)
FNDA:0,(anonymous_38)
FNDA:0,(anonymous_39)
FNDA:0,(anonymous_40)
FNDA:0,(anonymous_41)
FNDA:0,(anonymous_42)
FNDA:0,(anonymous_43)
FNDA:0,(anonymous_44)
FNDA:0,(anonymous_45)
FNDA:0,(anonymous_46)
FNDA:0,(anonymous_47)
FNDA:0,(anonymous_48)
FNDA:0,(anonymous_49)
FNDA:0,(anonymous_50)
FNDA:0,(anonymous_51)
FNDA:0,(anonymous_52)
FNDA:0,(anonymous_53)
DA:1,0
DA:2,0
DA:17,0
DA:18,0
DA:19,0
DA:20,0
DA:21,0
DA:22,0
DA:23,0
DA:24,0
DA:25,0
DA:26,0
DA:27,0
DA:28,0
DA:29,0
DA:30,0
DA:66,0
DA:68,0
DA:74,0
DA:75,0
DA:76,0
DA:77,0
DA:79,0
DA:82,0
DA:83,0
DA:84,0
DA:85,0
DA:88,0
DA:91,0
DA:92,0
DA:93,0
DA:94,0
DA:98,0
DA:99,0
DA:103,0
DA:106,0
DA:107,0
DA:112,0
DA:113,0
DA:114,0
DA:116,0
DA:117,0
DA:118,0
DA:119,0
DA:121,0
DA:122,0
DA:123,0
DA:124,0
DA:126,0
DA:129,0
DA:130,0
DA:131,0
DA:132,0
DA:133,0
DA:134,0
DA:138,0
DA:141,0
DA:145,0
DA:146,0
DA:150,0
DA:151,0
DA:152,0
DA:153,0
DA:154,0
DA:155,0
DA:157,0
DA:158,0
DA:159,0
DA:160,0
DA:161,0
DA:163,0
DA:167,0
DA:168,0
DA:169,0
DA:170,0
DA:172,0
DA:173,0
DA:174,0
DA:180,0
DA:181,0
DA:182,0
DA:183,0
DA:184,0
DA:185,0
DA:186,0
DA:190,0
DA:191,0
DA:192,0
DA:198,0
DA:201,0
DA:202,0
DA:203,0
DA:209,0
DA:213,0
DA:214,0
DA:215,0
DA:221,0
DA:224,0
DA:225,0
DA:231,0
DA:235,0
DA:237,0
DA:242,0
DA:244,0
DA:252,0
DA:253,0
DA:255,0
DA:256,0
DA:258,0
DA:264,0
DA:267,0
DA:268,0
DA:275,0
DA:277,0
DA:278,0
DA:283,0
DA:288,0
DA:295,0
DA:298,0
DA:299,0
DA:300,0
DA:311,0
DA:313,0
DA:316,0
DA:319,0
DA:320,0
DA:331,0
DA:333,0
DA:334,0
DA:339,0
DA:342,0
DA:343,0
DA:351,0
DA:352,0
DA:359,0
DA:363,0
DA:364,0
DA:367,0
DA:368,0
DA:369,0
DA:370,0
DA:371,0
DA:372,0
DA:373,0
DA:374,0
DA:375,0
DA:376,0
DA:377,0
DA:380,0
DA:381,0
DA:383,0
DA:384,0
DA:393,0
DA:394,0
DA:397,0
DA:400,0
DA:401,0
DA:403,0
DA:404,0
DA:405,0
DA:409,0
DA:410,0
DA:420,0
DA:421,0
DA:428,0
DA:431,0
DA:432,0
DA:436,0
DA:437,0
DA:438,0
DA:439,0
DA:440,0
DA:442,0
DA:443,0
DA:445,0
DA:449,0
DA:450,0
DA:461,0
DA:462,0
DA:465,0
DA:466,0
DA:467,0
DA:468,0
DA:469,0
DA:470,0
DA:471,0
DA:474,0
DA:475,0
DA:476,0
DA:479,0
DA:495,0
DA:497,0
DA:498,0
DA:499,0
DA:502,0
DA:505,0
DA:508,0
DA:511,0
DA:512,0
DA:513,0
DA:516,0
DA:517,0
DA:518,0
DA:519,0
DA:520,0
DA:521,0
DA:522,0
DA:524,0
DA:525,0
DA:529,0
DA:530,0
DA:531,0
DA:532,0
DA:534,0
DA:535,0
DA:536,0
DA:537,0
DA:538,0
DA:539,0
DA:540,0
DA:545,0
DA:546,0
DA:551,0
DA:552,0
DA:555,0
DA:556,0
DA:557,0
DA:558,0
DA:561,0
DA:562,0
DA:563,0
DA:564,0
DA:565,0
DA:566,0
DA:567,0
DA:568,0
DA:569,0
DA:570,0
DA:571,0
DA:573,0
DA:577,0
DA:578,0
DA:579,0
DA:580,0
DA:582,0
DA:585,0
DA:587,0
DA:590,0
DA:591,0
DA:603,0
DA:607,0
DA:608,0
DA:614,0
DA:618,0
DA:620,0
DA:625,0
DA:626,0
DA:632,0
DA:635,0
DA:637,0
DA:638,0
DA:641,0
DA:642,0
DA:644,0
DA:649,0
DA:651,0
DA:655,0
DA:658,0
DA:659,0
DA:666,0
DA:668,0
DA:669,0
DA:674,0
DA:679,0
DA:686,0
DA:689,0
DA:690,0
DA:704,0
DA:706,0
DA:708,0
DA:709,0
DA:716,0
DA:717,0
DA:723,0
DA:727,0
DA:730,0
DA:731,0
DA:732,0
DA:740,0
DA:742,0
DA:743,0
DA:750,0
DA:754,0
DA:755,0
DA:756,0
DA:766,0
DA:767,0
DA:777,0
DA:781,0
DA:1037,0
DA:1082,0
DA:1102,0
DA:1155,0
DA:1256,0
DA:1257,0
DA:1264,0
DA:1268,0
DA:1269,0
DA:1270,0
DA:1272,0
DA:1309,0
DA:1310,0
DA:1312,0
DA:1333,0
DA:1344,0
LF:315
LH:0
BRDA:72,0,0,0
BRDA:113,1,0,0
BRDA:114,2,0,0
BRDA:114,2,1,0
BRDA:121,3,0,0
BRDA:121,3,1,0
BRDA:123,4,0,0
BRDA:123,4,1,0
BRDA:129,5,0,0
BRDA:129,5,1,0
BRDA:129,6,0,0
BRDA:129,6,1,0
BRDA:132,7,0,0
BRDA:132,7,1,0
BRDA:133,8,0,0
BRDA:133,8,1,0
BRDA:134,9,0,0
BRDA:134,9,1,0
BRDA:135,10,0,0
BRDA:135,10,1,0
BRDA:168,11,0,0
BRDA:168,11,1,0
BRDA:172,12,0,0
BRDA:181,13,0,0
BRDA:181,13,1,0
BRDA:183,14,0,0
BRDA:183,14,1,0
BRDA:185,15,0,0
BRDA:191,16,0,0
BRDA:202,17,0,0
BRDA:202,18,0,0
BRDA:202,18,1,0
BRDA:202,18,2,0
BRDA:213,19,0,0
BRDA:213,20,0,0
BRDA:213,20,1,0
BRDA:214,21,0,0
BRDA:214,22,0,0
BRDA:214,22,1,0
BRDA:224,23,0,0
BRDA:224,24,0,0
BRDA:224,24,1,0
BRDA:242,25,0,0
BRDA:242,25,1,0
BRDA:242,26,0,0
BRDA:242,26,1,0
BRDA:247,27,0,0
BRDA:247,27,1,0
BRDA:248,28,0,0
BRDA:248,28,1,0
BRDA:253,29,0,0
BRDA:253,29,1,0
BRDA:253,30,0,0
BRDA:253,30,1,0
BRDA:256,31,0,0
BRDA:256,31,1,0
BRDA:275,32,0,0
BRDA:275,32,1,0
BRDA:277,33,0,0
BRDA:298,34,0,0
BRDA:298,34,1,0
BRDA:306,35,0,0
BRDA:306,35,1,0
BRDA:313,36,0,0
BRDA:313,36,1,0
BRDA:326,37,0,0
BRDA:326,37,1,0
BRDA:333,38,0,0
BRDA:333,38,1,0
BRDA:345,39,0,0
BRDA:345,39,1,0
BRDA:345,40,0,0
BRDA:345,40,1,0
BRDA:354,41,0,0
BRDA:354,41,1,0
BRDA:364,42,0,0
BRDA:364,42,1,0
BRDA:364,42,2,0
BRDA:369,43,0,0
BRDA:369,43,1,0
BRDA:383,44,0,0
BRDA:403,45,0,0
BRDA:409,46,0,0
BRDA:409,46,1,0
BRDA:409,47,0,0
BRDA:409,47,1,0
BRDA:409,47,2,0
BRDA:439,48,0,0
BRDA:442,49,0,0
BRDA:442,50,0,0
BRDA:442,50,1,0
BRDA:475,51,0,0
BRDA:475,52,0,0
BRDA:475,52,1,0
BRDA:475,52,2,0
BRDA:481,53,0,0
BRDA:481,53,1,0
BRDA:490,54,0,0
BRDA:490,54,1,0
BRDA:492,55,0,0
BRDA:492,55,1,0
BRDA:495,56,0,0
BRDA:495,56,1,0
BRDA:499,57,0,0
BRDA:499,57,1,0
BRDA:521,58,0,0
BRDA:524,59,0,0
BRDA:531,60,0,0
BRDA:531,60,1,0
BRDA:539,61,0,0
BRDA:539,62,0,0
BRDA:539,62,1,0
BRDA:547,63,0,0
BRDA:547,63,1,0
BRDA:547,63,2,0
BRDA:552,64,0,0
BRDA:552,64,1,0
BRDA:552,64,2,0
BRDA:557,65,0,0
BRDA:557,65,1,0
BRDA:579,66,0,0
BRDA:590,67,0,0
BRDA:599,68,0,0
BRDA:599,68,1,0
BRDA:601,69,0,0
BRDA:601,69,1,0
BRDA:607,70,0,0
BRDA:620,71,0,0
BRDA:620,71,1,0
BRDA:620,71,2,0
BRDA:625,72,0,0
BRDA:628,73,0,0
BRDA:628,73,1,0
BRDA:628,74,0,0
BRDA:628,74,1,0
BRDA:649,75,0,0
BRDA:649,75,1,0
BRDA:666,76,0,0
BRDA:666,76,1,0
BRDA:668,77,0,0
BRDA:697,78,0,0
BRDA:697,78,1,0
BRDA:708,79,0,0
BRDA:708,79,1,0
BRDA:716,80,0,0
BRDA:734,81,0,0
BRDA:734,81,1,0
BRDA:742,82,0,0
BRDA:742,82,1,0
BRDA:755,83,0,0
BRDA:766,84,0,0
BRDA:1049,85,0,0
BRDA:1049,85,1,0
BRDA:1055,86,0,0
BRDA:1055,86,1,0
BRDA:1079,87,0,0
BRDA:1079,87,1,0
BRDA:1088,88,0,0
BRDA:1088,88,1,0
BRDA:1099,89,0,0
BRDA:1099,89,1,0
BRDA:1108,90,0,0
BRDA:1108,90,1,0
BRDA:1120,91,0,0
BRDA:1120,91,1,0
BRDA:1130,92,0,0
BRDA:1130,92,1,0
BRDA:1165,93,0,0
BRDA:1165,93,1,0
BRDA:1175,94,0,0
BRDA:1175,94,1,0
BRDA:1192,95,0,0
BRDA:1192,95,1,0
BRDA:1219,96,0,0
BRDA:1219,96,1,0
BRDA:1219,96,2,0
BRDA:1219,96,3,0
BRDA:1228,97,0,0
BRDA:1228,97,1,0
BRDA:1246,98,0,0
BRDA:1246,98,1,0
BRDA:1246,98,2,0
BRDA:1251,99,0,0
BRDA:1251,99,1,0
BRDA:1256,100,0,0
BRDA:1269,101,0,0
BRDA:1287,102,0,0
BRDA:1287,102,1,0
BRDA:1298,103,0,0
BRDA:1298,103,1,0
BRDA:1298,103,2,0
BRDA:1298,103,3,0
BRDA:1323,104,0,0
BRDA:1323,104,1,0
BRDA:1326,105,0,0
BRDA:1326,105,1,0
BRDA:1382,106,0,0
BRDA:1382,106,1,0
BRDA:1382,107,0,0
BRDA:1382,107,1,0
BRDA:1382,107,2,0
BRDA:1398,108,0,0
BRDA:1398,108,1,0
BRDA:1403,109,0,0
BRDA:1403,109,1,0
BRDA:1403,109,2,0
BRDA:1406,110,0,0
BRDA:1406,110,1,0
BRF:208
BRH:0
end_of_record
TN:
SF:components/modals/AlertModal.tsx
FN:34,AlertModal
FN:47,(anonymous_2)
FN:78,(anonymous_3)
FN:146,(anonymous_4)
FN:152,(anonymous_5)
FNF:5
FNH:0
FNDA:0,AlertModal
FNDA:0,(anonymous_2)
FNDA:0,(anonymous_3)
FNDA:0,(anonymous_4)
FNDA:0,(anonymous_5)
DA:1,0
DA:2,0
DA:11,0
DA:12,0
DA:13,0
DA:14,0
DA:15,0
DA:32,0
DA:34,0
DA:42,0
DA:43,0
DA:44,0
DA:45,0
DA:47,0
DA:48,0
DA:49,0
DA:63,0
DA:78,0
DA:79,0
DA:81,0
DA:83,0
DA:85,0
DA:87,0
DA:91,0
DA:93,0
DA:94,0
DA:97,0
DA:147,0
DA:148,0
DA:153,0
DA:154,0
DA:188,0
LF:32
LH:0
BRDA:38,0,0,0
BRDA:48,1,0,0
BRDA:48,1,1,0
BRDA:79,2,0,0
BRDA:79,2,1,0
BRDA:79,2,2,0
BRDA:79,2,3,0
BRDA:93,3,0,0
BRDA:138,4,0,0
BRDA:138,4,1,0
BRDA:157,5,0,0
BRDA:157,5,1,0
BRDA:159,6,0,0
BRDA:159,6,1,0
BRDA:167,7,0,0
BRDA:167,7,1,0
BRDA:170,8,0,0
BRDA:170,8,1,0
BRDA:174,9,0,0
BRDA:174,9,1,0
BRF:20
BRH:0
end_of_record
TN:
SF:components/modals/CategoryExpensesModal.tsx
FN:34,CategoryExpensesModal
FN:42,(anonymous_2)
FN:45,(anonymous_3)
FN:117,(anonymous_4)
FN:122,(anonymous_5)
FNF:5
FNH:0
FNDA:0,CategoryExpensesModal
FNDA:0,(anonymous_2)
FNDA:0,(anonymous_3)
FNDA:0,(anonymous_4)
FNDA:0,(anonymous_5)
DA:2,0
DA:13,0
DA:14,0
DA:15,0
DA:16,0
DA:24,0
DA:25,0
DA:34,0
DA:40,0
DA:41,0
DA:42,0
DA:45,0
DA:46,0
DA:47,0
DA:48,0
DA:51,0
DA:118,0
DA:124,0
DA:151,0
LF:19
LH:0
BRDA:42,0,0,0
BRDA:42,0,1,0
BRDA:62,1,0,0
BRDA:62,1,1,0
BRDA:90,2,0,0
BRDA:90,2,1,0
BRDA:116,3,0,0
BRDA:116,3,1,0
BRF:8
BRH:0
end_of_record
TN:
SF:components/modals/CsvImportModal.tsx
FN:18,parseCSV
FN:19,(anonymous_11)
FN:21,(anonymous_12)
FN:24,(anonymous_13)
FN:28,(anonymous_14)
FN:28,(anonymous_15)
FN:33,CsvImportModal
FN:51,(anonymous_17)
FN:57,(anonymous_18)
FN:67,(anonymous_19)
FN:122,(anonymous_20)
FN:130,(anonymous_21)
FN:149,(anonymous_22)
FN:215,(anonymous_23)
FN:216,(anonymous_24)
FN:271,(anonymous_25)
FN:295,(anonymous_26)
FN:396,(anonymous_27)
FN:407,(anonymous_28)
FN:510,(anonymous_29)
FN:516,(anonymous_30)
FNF:21
FNH:0
FNDA:0,parseCSV
FNDA:0,(anonymous_11)
FNDA:0,(anonymous_12)
FNDA:0,(anonymous_13)
FNDA:0,(anonymous_14)
FNDA:0,(anonymous_15)
FNDA:0,CsvImportModal
FNDA:0,(anonymous_17)
FNDA:0,(anonymous_18)
FNDA:0,(anonymous_19)
FNDA:0,(anonymous_20)
FNDA:0,(anonymous_21)
FNDA:0,(anonymous_22)
FNDA:0,(anonymous_23)
FNDA:0,(anonymous_24)
FNDA:0,(anonymous_25)
FNDA:0,(anonymous_26)
FNDA:0,(anonymous_27)
FNDA:0,(anonymous_28)
FNDA:0,(anonymous_29)
FNDA:0,(anonymous_30)
DA:1,0
DA:2,0
DA:3,0
DA:4,0
DA:5,0
DA:6,0
DA:8,0
DA:9,0
DA:10,0
DA:19,0
DA:21,0
DA:23,0
DA:24,0
DA:26,0
DA:28,0
DA:30,0
DA:33,0
DA:34,0
DA:35,0
DA:36,0
DA:38,0
DA:39,0
DA:40,0
DA:41,0
DA:42,0
DA:43,0
DA:44,0
DA:51,0
DA:52,0
DA:53,0
DA:57,0
DA:58,0
DA:59,0
DA:60,0
DA:61,0
DA:62,0
DA:63,0
DA:67,0
DA:68,0
DA:69,0
DA:71,0
DA:72,0
DA:75,0
DA:76,0
DA:77,0
DA:78,0
DA:81,0
DA:82,0
DA:84,0
DA:85,0
DA:86,0
DA:89,0
DA:90,0
DA:93,0
DA:94,0
DA:95,0
DA:96,0
DA:97,0
DA:98,0
DA:99,0
DA:101,0
DA:102,0
DA:103,0
DA:104,0
DA:105,0
DA:106,0
DA:113,0
DA:114,0
DA:117,0
DA:118,0
DA:122,0
DA:123,0
DA:124,0
DA:130,0
DA:131,0
DA:133,0
DA:135,0
DA:137,0
DA:138,0
DA:143,0
DA:145,0
DA:149,0
DA:150,0
DA:151,0
DA:152,0
DA:154,0
DA:155,0
DA:158,0
DA:159,0
DA:161,0
DA:163,0
DA:164,0
DA:165,0
DA:166,0
DA:167,0
DA:170,0
DA:171,0
DA:172,0
DA:176,0
DA:177,0
DA:178,0
DA:179,0
DA:180,0
DA:184,0
DA:185,0
DA:186,0
DA:187,0
DA:191,0
DA:194,0
DA:200,0
DA:203,0
DA:212,0
DA:214,0
DA:215,0
DA:216,0
DA:219,0
DA:221,0
DA:223,0
DA:224,0
DA:228,0
DA:232,0
DA:235,0
DA:237,0
DA:238,0
DA:241,0
DA:246,0
DA:247,0
DA:249,0
DA:254,0
DA:255,0
DA:259,0
DA:260,0
DA:265,0
DA:266,0
DA:271,0
DA:272,0
DA:275,0
DA:276,0
DA:277,0
DA:278,0
DA:279,0
DA:280,0
DA:281,0
DA:282,0
DA:283,0
DA:284,0
DA:285,0
DA:286,0
DA:287,0
DA:288,0
DA:290,0
DA:295,0
DA:296,0
DA:297,0
DA:298,0
DA:299,0
DA:302,0
DA:304,0
DA:305,0
DA:308,0
DA:309,0
DA:311,0
DA:314,0
DA:315,0
DA:317,0
DA:322,0
DA:397,0
DA:398,0
DA:399,0
DA:400,0
DA:402,0
DA:403,0
DA:404,0
DA:405,0
DA:406,0
DA:407,0
DA:409,0
DA:432,0
DA:511,0
DA:517,0
DA:524,0
LF:181
LH:0
BRDA:23,0,0,0
BRDA:23,0,1,0
BRDA:28,1,0,0
BRDA:28,1,1,0
BRDA:52,2,0,0
BRDA:71,3,0,0
BRDA:71,4,0,0
BRDA:71,4,1,0
BRDA:77,5,0,0
BRDA:84,6,0,0
BRDA:101,7,0,0
BRDA:101,8,0,0
BRDA:101,8,1,0
BRDA:101,8,2,0
BRDA:104,9,0,0
BRDA:104,10,0,0
BRDA:104,10,1,0
BRDA:154,11,0,0
BRDA:154,11,1,0
BRDA:170,12,0,0
BRDA:170,13,0,0
BRDA:170,13,1,0
BRDA:170,13,2,0
BRDA:170,13,3,0
BRDA:178,14,0,0
BRDA:178,15,0,0
BRDA:178,15,1,0
BRDA:185,16,0,0
BRDA:185,17,0,0
BRDA:185,17,1,0
BRDA:185,17,2,0
BRDA:194,18,0,0
BRDA:194,18,1,0
BRDA:194,18,2,0
BRDA:194,18,3,0
BRDA:232,19,0,0
BRDA:232,19,1,0
BRDA:235,20,0,0
BRDA:235,20,1,0
BRDA:243,21,0,0
BRDA:243,21,1,0
BRDA:275,22,0,0
BRDA:275,22,1,0
BRDA:275,23,0,0
BRDA:275,23,1,0
BRDA:277,24,0,0
BRDA:277,24,1,0
BRDA:277,25,0,0
BRDA:277,25,1,0
BRDA:279,26,0,0
BRDA:279,26,1,0
BRDA:281,27,0,0
BRDA:281,27,1,0
BRDA:281,28,0,0
BRDA:281,28,1,0
BRDA:283,29,0,0
BRDA:283,29,1,0
BRDA:285,30,0,0
BRDA:285,30,1,0
BRDA:287,31,0,0
BRDA:287,31,1,0
BRDA:302,32,0,0
BRDA:302,32,1,0
BRDA:304,33,0,0
BRDA:304,33,1,0
BRDA:305,34,0,0
BRDA:305,34,1,0
BRDA:336,35,0,0
BRDA:336,35,1,0
BRDA:337,36,0,0
BRDA:337,36,1,0
BRDA:342,37,0,0
BRDA:342,37,1,0
BRDA:343,38,0,0
BRDA:343,38,1,0
BRDA:344,39,0,0
BRDA:344,39,1,0
BRDA:347,40,0,0
BRDA:347,40,1,0
BRDA:352,41,0,0
BRDA:352,41,1,0
BRDA:362,42,0,0
BRDA:362,42,1,0
BRDA:377,43,0,0
BRDA:377,43,1,0
BRDA:402,44,0,0
BRDA:402,45,0,0
BRDA:402,45,1,0
BRDA:402,45,2,0
BRDA:405,46,0,0
BRDA:405,47,0,0
BRDA:405,47,1,0
BRDA:407,48,0,0
BRDA:407,48,1,0
BRDA:434,49,0,0
BRDA:434,49,1,0
BRDA:450,50,0,0
BRDA:450,50,1,0
BRDA:472,51,0,0
BRDA:472,51,1,0
BRF:100
BRH:0
end_of_record
TN:
SF:components/modals/DateExpensesModal.tsx
FN:32,DateExpensesModal
FN:42,(anonymous_2)
FN:47,(anonymous_3)
FN:87,(anonymous_4)
FN:183,(anonymous_5)
FNF:5
FNH:0
FNDA:0,DateExpensesModal
FNDA:0,(anonymous_2)
FNDA:0,(anonymous_3)
FNDA:0,(anonymous_4)
FNDA:0,(anonymous_5)
DA:1,0
DA:2,0
DA:10,0
DA:11,0
DA:12,0
DA:13,0
DA:14,0
DA:15,0
DA:16,0
DA:17,0
DA:32,0
DA:37,0
DA:38,0
DA:39,0
DA:42,0
DA:43,0
DA:45,0
DA:47,0
DA:48,0
DA:50,0
DA:53,0
DA:58,0
DA:59,0
DA:63,0
DA:67,0
DA:68,0
DA:69,0
DA:74,0
DA:78,0
DA:86,0
DA:87,0
DA:91,0
DA:93,0
DA:184,0
DA:208,0
LF:35
LH:0
BRDA:43,0,0,0
BRDA:48,1,0,0
BRDA:53,2,0,0
BRDA:54,3,0,0
BRDA:54,3,1,0
BRDA:54,3,2,0
BRDA:63,4,0,0
BRDA:64,5,0,0
BRDA:64,5,1,0
BRDA:68,6,0,0
BRDA:91,7,0,0
BRDA:150,8,0,0
BRDA:150,8,1,0
BRDA:177,9,0,0
BRDA:177,9,1,0
BRF:15
BRH:0
end_of_record
TN:
SF:components/modals/NameEditModal.tsx
FN:24,NameEditModal
FN:35,(anonymous_10)
FN:41,(anonymous_11)
FN:49,(anonymous_12)
FN:113,createStyles
FNF:5
FNH:0
FNDA:0,NameEditModal
FNDA:0,(anonymous_10)
FNDA:0,(anonymous_11)
FNDA:0,(anonymous_12)
FNDA:0,createStyles
DA:1,0
DA:2,0
DA:12,0
DA:13,0
DA:14,0
DA:15,0
DA:24,0
DA:30,0
DA:31,0
DA:32,0
DA:35,0
DA:36,0
DA:37,0
DA:41,0
DA:42,0
DA:43,0
DA:44,0
DA:45,0
DA:49,0
DA:50,0
DA:51,0
DA:54,0
DA:56,0
DA:114,0
LF:24
LH:0
BRDA:36,0,0,0
BRDA:43,1,0,0
BRDA:65,2,0,0
BRDA:65,2,1,0
BRDA:97,3,0,0
BRDA:97,3,1,0
BRF:6
BRH:0
end_of_record
TN:
SF:components/modals/ReminderManagementModal.tsx
FN:25,ReminderManagementModal
FN:34,(anonymous_2)
FN:35,(anonymous_3)
FN:37,(anonymous_4)
FN:54,(anonymous_5)
FN:69,(anonymous_6)
FN:77,(anonymous_7)
FN:85,(anonymous_8)
FN:93,(anonymous_9)
FN:94,(anonymous_10)
FN:145,(anonymous_11)
FN:152,(anonymous_12)
FN:159,(anonymous_13)
FN:200,(anonymous_14)
FN:221,(anonymous_15)
FN:261,(anonymous_16)
FNF:16
FNH:0
FNDA:0,ReminderManagementModal
FNDA:0,(anonymous_2)
FNDA:0,(anonymous_3)
FNDA:0,(anonymous_4)
FNDA:0,(anonymous_5)
FNDA:0,(anonymous_6)
FNDA:0,(anonymous_7)
FNDA:0,(anonymous_8)
FNDA:0,(anonymous_9)
FNDA:0,(anonymous_10)
FNDA:0,(anonymous_11)
FNDA:0,(anonymous_12)
FNDA:0,(anonymous_13)
FNDA:0,(anonymous_14)
FNDA:0,(anonymous_15)
FNDA:0,(anonymous_16)
DA:1,0
DA:2,0
[...]
FNDA:0,(anonymous_10)
FNDA:0,(anonymous_11)
FNDA:0,(anonymous_12)
FNDA:0,(anonymous_13)
FNDA:0,(anonymous_14)
FNDA:0,(anonymous_15)
DA:1,0
DA:2,0
DA:31,0
DA:32,0
DA:33,0
DA:34,0
DA:35,0
DA:42,0
DA:43,0
DA:45,0
DA:46,0
DA:47,0
DA:48,0
DA:53,0
DA:54,0
DA:56,0
DA:64,0
DA:67,0
DA:68,0
DA:72,0
DA:77,0
DA:80,0
DA:86,0
DA:88,0
DA:89,0
DA:90,0
DA:93,0
DA:94,0
DA:95,0
DA:102,0
DA:103,0
DA:106,0
DA:117,0
DA:118,0
DA:119,0
DA:122,0
DA:123,0
DA:124,0
DA:131,0
DA:132,0
DA:135,0
DA:144,0
DA:145,0
DA:146,0
DA:149,0
DA:150,0
DA:151,0
DA:157,0
DA:158,0
DA:161,0
DA:170,0
DA:171,0
DA:172,0
DA:173,0
DA:175,0
DA:184,0
DA:186,0
DA:187,0
DA:188,0
DA:190,0
DA:196,0
DA:198,0
DA:199,0
DA:202,0
DA:203,0
DA:205,0
DA:206,0
DA:207,0
DA:209,0
DA:210,0
DA:218,0
DA:219,0
DA:222,0
DA:233,0
DA:234,0
DA:235,0
DA:238,0
DA:239,0
DA:241,0
DA:242,0
DA:248,0
DA:249,0
DA:252,0
DA:261,0
DA:262,0
DA:263,0
DA:264,0
DA:266,0
DA:267,0
DA:268,0
DA:269,0
DA:273,0
DA:275,0
DA:279,0
LF:94
LH:0
BRDA:47,0,0,0
BRDA:48,1,0,0
BRDA:48,1,1,0
BRDA:67,2,0,0
BRDA:72,3,0,0
BRDA:73,4,0,0
BRDA:73,4,1,0
BRDA:73,4,2,0
BRDA:94,5,0,0
BRDA:102,6,0,0
BRDA:102,7,0,0
BRDA:102,7,1,0
BRDA:123,8,0,0
BRDA:131,9,0,0
BRDA:131,10,0,0
BRDA:131,10,1,0
BRDA:150,11,0,0
BRDA:157,12,0,0
BRDA:157,13,0,0
BRDA:157,13,1,0
BRDA:209,14,0,0
BRDA:209,15,0,0
BRDA:209,15,1,0
BRDA:218,16,0,0
BRDA:218,17,0,0
BRDA:218,17,1,0
BRDA:223,18,0,0
BRDA:223,18,1,0
BRDA:241,19,0,0
BRDA:248,20,0,0
BRDA:248,21,0,0
BRDA:248,21,1,0
BRDA:253,22,0,0
BRDA:253,22,1,0
BRDA:268,23,0,0
BRF:35
BRH:0
end_of_record
TN:
SF:services/DataService.ts
FN:44,(anonymous_1)
FN:94,(anonymous_2)
FN:98,(anonymous_3)
FN:115,(anonymous_4)
FN:121,(anonymous_5)
FN:136,(anonymous_6)
FN:139,(anonymous_7)
FN:153,(anonymous_8)
FN:184,(anonymous_9)
FN:198,(anonymous_10)
FN:216,(anonymous_11)
FN:256,(anonymous_12)
FN:261,(anonymous_13)
FN:271,(anonymous_14)
FN:277,(anonymous_15)
FN:290,(anonymous_16)
FN:317,(anonymous_17)
FN:341,(anonymous_18)
FN:352,(anonymous_19)
FN:388,(anonymous_20)
FN:411,(anonymous_21)
FN:416,(anonymous_22)
FN:427,(anonymous_23)
FN:452,createDataService
FNF:24
FNH:0
FNDA:0,(anonymous_1)
FNDA:0,(anonymous_2)
FNDA:0,(anonymous_3)
FNDA:0,(anonymous_4)
FNDA:0,(anonymous_5)
FNDA:0,(anonymous_6)
FNDA:0,(anonymous_7)
FNDA:0,(anonymous_8)
FNDA:0,(anonymous_9)
FNDA:0,(anonymous_10)
FNDA:0,(anonymous_11)
FNDA:0,(anonymous_12)
FNDA:0,(anonymous_13)
FNDA:0,(anonymous_14)
FNDA:0,(anonymous_15)
FNDA:0,(anonymous_16)
FNDA:0,(anonymous_17)
FNDA:0,(anonymous_18)
FNDA:0,(anonymous_19)
FNDA:0,(anonymous_20)
FNDA:0,(anonymous_21)
FNDA:0,(anonymous_22)
FNDA:0,(anonymous_23)
FNDA:0,createDataService
DA:1,0
DA:39,0
DA:40,0
DA:41,0
DA:42,0
DA:45,0
DA:46,0
DA:47,0
DA:49,0
DA:50,0
DA:51,0
DA:54,0
DA:56,0
DA:57,0
DA:60,0
DA:61,0
DA:62,0
DA:64,0
DA:68,0
DA:70,0
DA:71,0
DA:74,0
DA:77,0
DA:80,0
DA:82,0
DA:85,0
DA:86,0
DA:87,0
DA:90,0
DA:95,0
DA:96,0
DA:97,0
DA:98,0
DA:101,0
DA:102,0
DA:104,0
DA:107,0
DA:108,0
DA:110,0
DA:111,0
DA:119,0
DA:120,0
DA:121,0
DA:123,0
DA:124,0
DA:125,0
DA:126,0
DA:128,0
DA:131,0
DA:132,0
DA:137,0
DA:138,0
DA:139,0
DA:141,0
DA:142,0
DA:145,0
DA:146,0
DA:148,0
DA:149,0
DA:154,0
DA:156,0
DA:158,0
DA:159,0
DA:164,0
DA:165,0
DA:168,0
DA:171,0
DA:172,0
DA:175,0
DA:179,0
DA:180,0
DA:185,0
DA:186,0
DA:191,0
DA:193,0
DA:194,0
DA:199,0
DA:200,0
DA:201,0
DA:208,0
DA:209,0
DA:211,0
DA:212,0
DA:217,0
DA:218,0
DA:220,0
DA:221,0
DA:225,0
DA:226,0
DA:229,0
DA:230,0
DA:236,0
DA:240,0
DA:241,0
DA:244,0
DA:245,0
DA:249,0
DA:250,0
DA:259,0
DA:260,0
DA:261,0
DA:263,0
DA:267,0
DA:275,0
DA:276,0
DA:277,0
DA:278,0
DA:279,0
DA:282,0
DA:286,0
DA:291,0
DA:292,0
DA:293,0
DA:295,0
DA:297,0
DA:298,0
DA:301,0
DA:302,0
DA:304,0
DA:306,0
DA:307,0
DA:310,0
DA:312,0
DA:313,0
DA:318,0
DA:319,0
DA:321,0
DA:322,0
DA:324,0
DA:325,0
DA:328,0
DA:332,0
DA:334,0
DA:336,0
DA:337,0
DA:342,0
DA:343,0
DA:344,0
DA:345,0
DA:347,0
DA:353,0
DA:354,0
DA:356,0
DA:357,0
DA:358,0
DA:359,0
DA:362,0
DA:363,0
DA:367,0
DA:371,0
DA:372,0
DA:373,0
DA:376,0
DA:380,0
DA:381,0
DA:383,0
DA:384,0
DA:388,0
DA:391,0
DA:392,0
DA:407,0
DA:415,0
DA:416,0
DA:418,0
DA:419,0
DA:420,0
DA:421,0
DA:422,0
DA:424,0
DA:430,0
DA:431,0
DA:438,0
DA:443,0
DA:449,0
DA:452,0
DA:455,0
DA:457,0
DA:460,0
DA:462,0
LF:179
LH:0
BRDA:49,0,0,0
BRDA:56,1,0,0
BRDA:61,2,0,0
BRDA:70,3,0,0
BRDA:86,4,0,0
BRDA:101,5,0,0
BRDA:101,5,1,0
BRDA:123,6,0,0
BRDA:123,6,1,0
BRDA:141,7,0,0
BRDA:158,8,0,0
BRDA:171,9,0,0
BRDA:220,10,0,0
BRDA:220,11,0,0
BRDA:220,11,1,0
BRDA:225,12,0,0
BRDA:229,13,0,0
BRDA:240,14,0,0
BRDA:279,15,0,0
BRDA:279,15,1,0
BRDA:295,16,0,0
BRDA:304,17,0,0
BRDA:304,17,1,0
BRDA:306,18,0,0
BRDA:324,19,0,0
BRDA:357,20,0,0
BRDA:363,21,0,0
BRDA:364,22,0,0
BRDA:364,22,1,0
BRDA:371,23,0,0
BRDA:393,24,0,0
BRDA:393,24,1,0
BRDA:393,24,2,0
BRDA:393,24,3,0
BRDA:393,24,4,0
BRDA:393,24,5,0
BRDA:393,24,6,0
BRDA:393,24,7,0
BRDA:393,24,8,0
BRDA:393,24,9,0
BRDA:393,24,10,0
BRDA:393,24,11,0
BRDA:453,25,0,0
BRDA:455,26,0,0
BRDA:455,26,1,0
BRDA:455,26,2,0
BRF:46
BRH:0
end_of_record
TN:
SF:services/NotificationService.ts
FN:29,(anonymous_10)
FN:33,(anonymous_11)
FN:46,(anonymous_12)
FN:61,(anonymous_13)
FN:78,(anonymous_14)
FN:88,(anonymous_15)
FN:92,(anonymous_16)
FN:97,(anonymous_17)
FN:114,(anonymous_18)
FN:132,(anonymous_19)
FN:151,(anonymous_20)
FN:174,(anonymous_21)
FN:194,(anonymous_22)
FN:214,(anonymous_23)
FN:229,(anonymous_24)
FN:239,(anonymous_25)
FN:264,(anonymous_26)
FN:289,(anonymous_27)
FN:309,(anonymous_28)
FN:334,(anonymous_29)
FN:351,(anonymous_30)
FNF:21
FNH:0
FNDA:0,(anonymous_10)
FNDA:0,(anonymous_11)
FNDA:0,(anonymous_12)
FNDA:0,(anonymous_13)
FNDA:0,(anonymous_14)
FNDA:0,(anonymous_15)
FNDA:0,(anonymous_16)
FNDA:0,(anonymous_17)
FNDA:0,(anonymous_18)
FNDA:0,(anonymous_19)
FNDA:0,(anonymous_20)
FNDA:0,(anonymous_21)
FNDA:0,(anonymous_22)
FNDA:0,(anonymous_23)
FNDA:0,(anonymous_24)
FNDA:0,(anonymous_25)
FNDA:0,(anonymous_26)
FNDA:0,(anonymous_27)
FNDA:0,(anonymous_28)
FNDA:0,(anonymous_29)
FNDA:0,(anonymous_30)
DA:1,0
DA:2,0
DA:3,0
DA:15,0
DA:24,0
DA:27,0
DA:30,0
DA:32,0
DA:33,0
DA:42,0
DA:43,0
DA:47,0
DA:50,0
DA:51,0
DA:53,0
DA:54,0
DA:55,0
DA:58,0
DA:62,0
DA:63,0
DA:64,0
DA:65,0
DA:68,0
DA:70,0
DA:72,0
DA:73,0
DA:74,0
DA:79,0
DA:80,0
DA:81,0
DA:83,0
DA:84,0
DA:89,0
DA:93,0
DA:94,0
DA:98,0
DA:101,0
DA:104,0
DA:107,0
DA:108,0
DA:110,0
DA:115,0
DA:117,0
DA:119,0
DA:120,0
DA:123,0
DA:124,0
DA:127,0
DA:128,0
DA:133,0
DA:136,0
DA:137,0
DA:138,0
DA:139,0
DA:145,0
DA:146,0
DA:147,0
DA:148,0
DA:151,0
DA:152,0
DA:153,0
DA:154,0
DA:155,0
DA:156,0
DA:159,0
DA:160,0
DA:175,0
DA:177,0
DA:195,0
DA:197,0
DA:215,0
DA:218,0
DA:219,0
DA:220,0
DA:221,0
DA:228,0
DA:229,0
DA:232,0
DA:233,0
DA:239,0
DA:240,0
DA:242,0
DA:243,0
DA:245,0
DA:246,0
DA:248,0
DA:266,0
DA:267,0
DA:269,0
DA:270,0
DA:271,0
DA:272,0
DA:273,0
DA:274,0
DA:275,0
DA:276,0
DA:277,0
DA:278,0
DA:283,0
DA:286,0
DA:290,0
DA:292,0
DA:314,0
DA:318,0
DA:320,0
DA:339,0
DA:345,0
DA:346,0
DA:347,0
DA:348,0
DA:349,0
DA:350,0
DA:351,0
DA:355,0
DA:359,0
LF:115
LH:0
BRDA:30,0,0,0
BRDA:47,1,0,0
BRDA:53,2,0,0
BRDA:64,3,0,0
BRDA:64,3,1,0
BRDA:93,4,0,0
BRDA:98,5,0,0
BRDA:115,6,0,0
BRDA:119,7,0,0
BRDA:123,8,0,0
BRDA:127,9,0,0
BRDA:133,10,0,0
BRDA:133,11,0,0
BRDA:133,11,1,0
BRDA:138,12,0,0
BRDA:152,13,0,0
BRDA:156,14,0,0
BRDA:156,14,1,0
BRDA:159,15,0,0
BRDA:164,16,0,0
BRDA:164,16,1,0
BRDA:175,17,0,0
BRDA:195,18,0,0
BRDA:215,19,0,0
BRDA:215,20,0,0
BRDA:215,20,1,0
BRDA:220,21,0,0
BRDA:229,22,0,0
BRDA:229,22,1,0
BRDA:229,22,2,0
BRDA:240,23,0,0
BRDA:243,24,0,0
BRDA:243,25,0,0
BRDA:243,25,1,0
BRDA:269,26,0,0
BRDA:269,26,1,0
BRDA:273,27,0,0
BRDA:273,27,1,0
BRDA:277,28,0,0
BRDA:281,29,0,0
BRDA:281,29,1,0
BRDA:290,30,0,0
BRDA:312,31,0,0
BRDA:314,32,0,0
BRDA:314,33,0,0
BRDA:314,33,1,0
BRDA:318,34,0,0
BRDA:318,34,1,0
BRDA:327,35,0,0
BRDA:327,35,1,0
BRDA:345,36,0,0
BRDA:345,36,1,0
BRDA:347,37,0,0
BRDA:347,37,1,0
BRDA:349,38,0,0
BRF:55
BRH:0
end_of_record
TN:
SF:services/SmartNotificationService.ts
FN:9,(anonymous_10)
FN:46,(anonymous_11)
FN:73,(anonymous_12)
FN:81,(anonymous_13)
FN:112,(anonymous_14)
FN:145,(anonymous_15)
FN:168,(anonymous_16)
FN:188,(anonymous_17)
FN:218,(anonymous_18)
FN:249,(anonymous_19)
FN:288,(anonymous_20)
FN:298,(anonymous_21)
FN:307,(anonymous_22)
FN:320,useSmartNotifications
FN:324,(anonymous_24)
FN:328,(anonymous_25)
FN:333,(anonymous_26)
FN:353,(anonymous_27)
FNF:18
FNH:0
FNDA:0,(anonymous_10)
FNDA:0,(anonymous_11)
FNDA:0,(anonymous_12)
FNDA:0,(anonymous_13)
FNDA:0,(anonymous_14)
FNDA:0,(anonymous_15)
FNDA:0,(anonymous_16)
FNDA:0,(anonymous_17)
FNDA:0,(anonymous_18)
FNDA:0,(anonymous_19)
FNDA:0,(anonymous_20)
FNDA:0,(anonymous_21)
FNDA:0,(anonymous_22)
FNDA:0,useSmartNotifications
FNDA:0,(anonymous_24)
FNDA:0,(anonymous_25)
FNDA:0,(anonymous_26)
FNDA:0,(anonymous_27)
DA:1,0
DA:2,0
DA:3,0
DA:4,0
DA:8,0
DA:9,0
DA:40,0
DA:41,0
DA:42,0
DA:43,0
DA:44,0
DA:47,0
DA:48,0
DA:57,0
DA:58,0
DA:63,0
DA:69,0
DA:74,0
DA:75,0
DA:77,0
DA:82,0
DA:84,0
DA:87,0
DA:88,0
DA:89,0
DA:90,0
DA:93,0
DA:94,0
DA:97,0
DA:106,0
DA:108,0
DA:113,0
DA:114,0
DA:115,0
DA:118,0
DA:121,0
DA:124,0
DA:125,0
DA:126,0
DA:127,0
DA:130,0
DA:131,0
DA:137,0
DA:141,0
DA:146,0
DA:148,0
DA:151,0
DA:152,0
DA:153,0
DA:154,0
DA:156,0
DA:162,0
DA:164,0
DA:169,0
DA:170,0
DA:171,0
DA:174,0
DA:175,0
DA:177,0
DA:178,0
DA:181,0
DA:184,0
DA:189,0
DA:190,0
DA:195,0
DA:196,0
DA:197,0
DA:198,0
DA:199,0
DA:200,0
DA:201,0
DA:202,0
DA:203,0
DA:205,0
DA:206,0
DA:209,0
DA:219,0
DA:238,0
DA:240,0
DA:250,0
DA:273,0
DA:278,0
DA:289,0
DA:290,0
DA:291,0
DA:293,0
DA:294,0
DA:299,0
DA:300,0
DA:302,0
DA:303,0
DA:308,0
DA:309,0
DA:311,0
DA:317,0
DA:320,0
DA:321,0
DA:322,0
DA:324,0
DA:325,0
DA:328,0
DA:329,0
DA:330,0
DA:333,0
DA:334,0
DA:336,0
DA:338,0
DA:341,0
DA:344,0
DA:347,0
DA:349,0
DA:353,0
DA:354,0
DA:356,0
DA:365,0
LF:115
LH:0
BRDA:51,0,0,0
BRDA:51,0,1,0
BRDA:57,1,0,0
BRDA:57,1,1,0
BRDA:93,2,0,0
BRDA:93,3,0,0
BRDA:93,3,1,0
BRDA:130,4,0,0
BRDA:175,5,0,0
BRDA:195,6,0,0
BRDA:195,6,1,0
BRDA:198,7,0,0
BRDA:198,7,1,0
BRDA:201,8,0,0
BRDA:201,8,1,0
BRDA:273,9,0,0
BRDA:273,9,1,0
BRDA:334,10,0,0
BRDA:354,11,0,0
BRF:19
BRH:0
end_of_record
TN:
SF:utils/dateUtils.ts
FN:30,isLeapYear
FN:40,getDaysInMonth
FN:57,getFirstWeekday
FN:67,getLeadingBlanks
FN:85,generateCalendarGrid
FN:162,getDateFromWeekAndDay
FN:239,getWeekOfMonth
FN:266,getDayOfWeekString
FN:296,calculateIncomeDate
FN:330,formatWeekAndDay
FN:341,(anonymous_10)
FN:348,(anonymous_11)
FN:371,(anonymous_12)
FN:378,(anonymous_13)
FN:415,(anonymous_14)
FN:430,(anonymous_15)
FN:439,(anonymous_16)
FNF:17
FNH:9
FNDA:24,isLeapYear
FNDA:46,getDaysInMonth
FNDA:10,getFirstWeekday
FNDA:14,getLeadingBlanks
FNDA:7,generateCalendarGrid
FNDA:13,getDateFromWeekAndDay
FNDA:5,getWeekOfMonth
FNDA:8,getDayOfWeekString
FNDA:4,calculateIncomeDate
FNDA:0,formatWeekAndDay
FNDA:0,(anonymous_10)
FNDA:0,(anonymous_11)
FNDA:0,(anonymous_12)
FNDA:0,(anonymous_13)
FNDA:0,(anonymous_14)
FNDA:0,(anonymous_15)
FNDA:0,(anonymous_16)
DA:15,1
DA:30,1
DA:31,24
DA:40,1
DA:41,46
DA:44,46
DA:45,4
DA:48,42
DA:57,1
DA:58,10
DA:67,1
DA:71,14
DA:72,14
DA:73,1
DA:75,14
DA:85,1
DA:95,7
DA:96,7
DA:99,7
DA:100,7
DA:101,0
DA:104,7
DA:107,7
DA:108,22
DA:109,22
DA:110,22
DA:114,22
DA:116,22
DA:125,7
DA:126,212
DA:135,7
DA:136,7
DA:139,7
DA:140,25
DA:141,25
DA:143,25
DA:151,7
DA:162,1
DA:168,13
DA:170,13
DA:171,1
DA:178,12
DA:179,1
DA:186,11
DA:187,1
DA:194,10
DA:197,10
DA:198,10
DA:201,10
DA:202,10
DA:203,3
DA:207,10
DA:209,10
DA:212,10
DA:214,1
DA:215,1
DA:221,9
DA:226,0
DA:239,1
DA:240,5
DA:242,5
DA:243,1
DA:246,4
DA:247,4
DA:248,4
DA:251,4
DA:254,4
DA:257,0
DA:266,1
DA:267,8
DA:269,8
DA:270,1
DA:273,7
DA:282,7
DA:285,0
DA:296,1
DA:301,4
DA:303,4
DA:304,1
DA:307,3
DA:308,3
DA:310,3
DA:312,3
DA:314,0
DA:317,3
DA:320,0
DA:330,1
DA:331,0
DA:332,0
DA:341,1
DA:345,0
DA:346,0
DA:348,0
DA:349,0
DA:350,0
DA:353,0
DA:354,0
DA:357,0
DA:358,0
DA:361,0
DA:371,1
DA:375,0
DA:376,0
DA:378,0
DA:379,0
DA:380,0
DA:383,0
DA:384,0
DA:387,0
DA:388,0
DA:391,0
DA:392,0
DA:394,0
DA:396,0
DA:397,0
DA:398,0
DA:401,0
DA:415,1
DA:419,0
DA:420,0
DA:423,0
DA:424,0
DA:426,0
DA:427,0
DA:430,0
DA:431,0
DA:432,0
DA:435,0
DA:439,0
DA:440,0
DA:441,0
DA:444,0
DA:445,0
DA:448,0
DA:449,0
DA:452,0
DA:453,0
DA:456,0
DA:458,0
DA:459,0
DA:461,0
DA:464,0
LF:142
LH:84
BRDA:31,0,0,24
BRDA:31,0,1,14
BRDA:31,0,2,14
BRDA:44,1,0,4
BRDA:44,2,0,46
BRDA:44,2,1,8
BRDA:72,3,0,1
BRDA:88,4,0,0
BRDA:100,5,0,0
BRDA:108,6,0,1
BRDA:108,6,1,21
BRDA:109,7,0,1
BRDA:109,7,1,21
BRDA:140,8,0,6
BRDA:140,8,1,19
BRDA:141,9,0,6
BRDA:141,9,1,19
BRDA:170,10,0,1
BRDA:170,11,0,13
BRDA:170,11,1,12
BRDA:178,12,0,1
BRDA:178,13,0,12
BRDA:178,13,1,12
BRDA:186,14,0,1
BRDA:186,15,0,11
BRDA:186,15,1,11
BRDA:202,16,0,3
BRDA:212,17,0,1
BRDA:229,18,0,0
BRDA:229,18,1,0
BRDA:242,19,0,1
BRDA:269,20,0,1
BRDA:299,21,0,1
BRDA:303,22,0,1
BRDA:312,23,0,0
BRDA:343,24,0,0
BRDA:373,25,0,0
BRDA:391,26,0,0
BRDA:391,27,0,0
BRDA:391,27,1,0
BRDA:392,28,0,0
BRDA:392,29,0,0
BRDA:392,29,1,0
BRDA:394,30,0,0
BRDA:394,30,1,0
BRDA:394,31,0,0
BRDA:394,31,1,0
BRDA:417,32,0,0
BRDA:435,33,0,0
BRDA:435,33,1,0
BRDA:452,34,0,0
BRDA:452,35,0,0
BRDA:452,35,1,0
BRDA:453,36,0,0
BRDA:453,37,0,0
BRDA:453,37,1,0
BRDA:456,38,0,0
BRDA:456,38,1,0
BRDA:456,39,0,0
BRDA:456,39,1,0
BRDA:459,40,0,0
BRDA:459,40,1,0
BRDA:459,41,0,0
BRDA:459,41,1,0
BRDA:464,42,0,0
BRDA:464,42,1,0
BRF:66
BRH:30
end_of_record
TN:
SF:utils/payPeriodUtils.ts
FN:21,calculatePayPeriods
FN:27,(anonymous_1)
FN:28,(anonymous_2)
FN:45,(anonymous_3)
FN:89,(anonymous_4)
FN:118,(anonymous_5)
FN:180,getCurrentPayPeriod
FN:191,(anonymous_7)
FN:194,formatDateShort
FNF:9
FNH:9
FNDA:13,calculatePayPeriods
FNDA:17,(anonymous_1)
FNDA:4,(anonymous_2)
FNDA:15,(anonymous_3)
FNDA:17,(anonymous_4)
FNDA:14,(anonymous_5)
FNDA:3,getCurrentPayPeriod
FNDA:4,(anonymous_7)
FNDA:51,formatDateShort
DA:2,1
DA:21,1
DA:24,13
DA:26,13
DA:27,17
DA:28,4
DA:30,13
DA:31,2
DA:37,11
DA:38,11
DA:39,11
DA:42,11
DA:45,11
DA:46,15
DA:47,14
DA:48,14
DA:49,14
DA:52,14
DA:54,25
DA:59,25
DA:60,0
DA:63,25
DA:66,25
DA:67,25
DA:69,25
DA:70,11
DA:75,11
DA:77,14
DA:88,11
DA:89,17
DA:92,11
DA:93,26
DA:94,26
DA:96,26
DA:97,26
DA:102,26
DA:104,15
DA:105,15
DA:106,15
DA:108,15
DA:111,11
DA:116,10
DA:118,10
DA:119,14
DA:123,10
DA:125,0
DA:126,0
DA:127,0
DA:129,0
DA:130,0
DA:131,0
DA:134,0
DA:135,0
DA:136,0
DA:137,0
DA:141,10
DA:142,10
DA:143,10
DA:144,10
DA:148,0
DA:149,0
DA:150,0
DA:151,0
DA:154,10
DA:156,1
DA:157,1
DA:161,26
DA:163,26
DA:171,11
DA:173,0
DA:180,1
DA:183,3
DA:184,3
DA:186,1
DA:187,0
DA:189,1
DA:191,4
DA:195,51
DA:196,51
DA:197,51
LF:80
LH:63
BRDA:30,0,0,2
BRDA:46,1,0,14
BRDA:46,2,0,15
BRDA:46,2,1,14
BRDA:59,3,0,0
BRDA:69,4,0,11
BRDA:69,4,1,14
BRDA:69,5,0,25
BRDA:69,5,1,24
BRDA:102,6,0,15
BRDA:102,6,1,11
BRDA:111,7,0,10
BRDA:111,7,1,1
BRDA:119,8,0,14
BRDA:119,8,1,14
BRDA:123,9,0,0
BRDA:123,9,1,10
BRDA:123,10,0,10
BRDA:123,10,1,0
BRDA:126,11,0,0
BRDA:126,11,1,0
BRDA:161,12,0,26
BRDA:161,12,1,24
BRDA:175,13,0,0
BRDA:175,13,1,0
BRDA:184,14,0,1
BRDA:186,15,0,0
BRDA:191,16,0,2
BRDA:191,16,1,2
BRF:29
BRH:21
end_of_record
TN:
SF:utils/payScheduleUtils.ts
FN:21,calculateNextPayDate
FN:97,getPayDatesForMonth
FN:123,(anonymous_2)
FN:135,(anonymous_3)
FN:201,getWeeklyIncomeAmount
FN:214,getPayDatesInRange
FN:233,(anonymous_6)
FN:241,(anonymous_7)
FN:247,formatPaySchedule
FN:267,(anonymous_9)
FN:276,(anonymous_10)
FN:288,addDays
FN:294,addMonths
FN:300,calculateNextTwiceMonthlyPayDate
FN:313,(anonymous_14)
FN:325,calculateNextCustomPayDate
FN:338,(anonymous_16)
FN:350,getOrdinalSuffix
FNF:18
FNH:0
FNDA:0,calculateNextPayDate
FNDA:0,getPayDatesForMonth
FNDA:0,(anonymous_2)
FNDA:0,(anonymous_3)
FNDA:0,getWeeklyIncomeAmount
FNDA:0,getPayDatesInRange
FNDA:0,(anonymous_6)
FNDA:0,(anonymous_7)
FNDA:0,formatPaySchedule
FNDA:0,(anonymous_9)
FNDA:0,(anonymous_10)
FNDA:0,addDays
FNDA:0,addMonths
FNDA:0,calculateNextTwiceMonthlyPayDate
FNDA:0,(anonymous_14)
FNDA:0,calculateNextCustomPayDate
FNDA:0,(anonymous_16)
FNDA:0,getOrdinalSuffix
DA:21,0
DA:25,0
DA:26,0
DA:29,0
DA:30,0
DA:39,0
DA:41,0
DA:42,0
DA:45,0
DA:46,0
DA:49,0
DA:50,0
DA:53,0
DA:54,0
DA:57,0
DA:58,0
DA:61,0
DA:69,0
DA:70,0
DA:77,0
DA:82,0
DA:97,0
DA:102,0
DA:104,0
DA:105,0
DA:111,0
DA:112,0
DA:118,0
DA:120,0
DA:122,0
DA:123,0
DA:124,0
DA:125,0
DA:127,0
DA:131,0
DA:134,0
DA:135,0
DA:136,0
DA:137,0
DA:139,0
DA:143,0
DA:146,0
DA:147,0
DA:148,0
DA:149,0
DA:151,0
DA:156,0
DA:157,0
DA:158,0
DA:161,0
DA:162,0
DA:166,0
DA:167,0
DA:169,0
DA:173,0
DA:174,0
DA:175,0
DA:177,0
DA:181,0
DA:182,0
DA:184,0
DA:186,0
DA:189,0
DA:191,0
DA:201,0
DA:207,0
DA:208,0
DA:214,0
DA:219,0
DA:222,0
DA:223,0
DA:224,0
DA:225,0
DA:227,0
DA:228,0
DA:229,0
DA:231,0
DA:232,0
DA:233,0
DA:234,0
DA:235,0
DA:241,0
DA:247,0
DA:248,0
DA:249,0
DA:254,0
DA:256,0
DA:259,0
DA:262,0
DA:265,0
DA:266,0
DA:267,0
DA:269,0
DA:271,0
DA:274,0
DA:275,0
DA:276,0
DA:278,0
DA:280,0
DA:283,0
DA:289,0
DA:290,0
DA:291,0
DA:295,0
DA:296,0
DA:297,0
DA:304,0
DA:305,0
DA:308,0
DA:309,0
DA:310,0
DA:313,0
DA:315,0
DA:316,0
DA:319,0
DA:320,0
DA:321,0
DA:329,0
DA:330,0
DA:333,0
DA:334,0
DA:335,0
DA:338,0
DA:340,0
DA:341,0
DA:344,0
DA:345,0
DA:346,0
DA:351,0
DA:352,0
DA:354,0
DA:356,0
DA:358,0
DA:360,0
LF:134
LH:0
BRDA:23,0,0,0
BRDA:29,1,0,0
BRDA:39,2,0,0
BRDA:39,2,1,0
BRDA:39,2,2,0
BRDA:39,2,3,0
BRDA:39,2,4,0
BRDA:39,2,5,0
BRDA:69,3,0,0
BRDA:85,4,0,0
BRDA:85,4,1,0
BRDA:104,5,0,0
BRDA:104,6,0,0
BRDA:104,6,1,0
BRDA:111,7,0,0
BRDA:111,8,0,0
BRDA:111,8,1,0
BRDA:120,9,0,0
BRDA:120,9,1,0
BRDA:120,9,2,0
BRDA:120,9,3,0
BRDA:120,9,4,0
BRDA:122,10,0,0
BRDA:125,11,0,0
BRDA:134,12,0,0
BRDA:137,13,0,0
BRDA:148,14,0,0
BRDA:166,15,0,0
BRDA:174,16,0,0
BRDA:181,17,0,0
BRDA:193,18,0,0
BRDA:193,18,1,0
BRDA:228,19,0,0
BRDA:228,19,1,0
BRDA:229,20,0,0
BRDA:229,20,1,0
BRDA:234,21,0,0
BRDA:234,22,0,0
BRDA:234,22,1,0
BRDA:254,23,0,0
BRDA:254,23,1,0
BRDA:254,23,2,0
BRDA:254,23,3,0
BRDA:254,23,4,0
BRDA:254,23,5,0
BRDA:265,24,0,0
BRDA:274,25,0,0
BRDA:304,26,0,0
BRDA:304,27,0,0
BRDA:304,27,1,0
BRDA:315,28,0,0
BRDA:315,28,1,0
BRDA:319,29,0,0
BRDA:319,29,1,0
BRDA:320,30,0,0
BRDA:320,30,1,0
BRDA:329,31,0,0
BRDA:329,32,0,0
BRDA:329,32,1,0
BRDA:340,33,0,0
BRDA:340,33,1,0
BRDA:344,34,0,0
BRDA:344,34,1,0
BRDA:345,35,0,0
BRDA:345,35,1,0
BRDA:351,36,0,0
BRDA:351,37,0,0
BRDA:351,37,1,0
BRDA:352,38,0,0
BRDA:352,38,1,0
BRDA:352,38,2,0
BRDA:352,38,3,0
BRF:72
BRH:0
end_of_record
TN:
SF:utils/performance.ts
FN:28,(anonymous_0)
FN:40,(anonymous_1)
FN:49,(anonymous_2)
FN:88,(anonymous_3)
FN:111,(anonymous_4)
FN:134,(anonymous_5)
FN:150,(anonymous_6)
FN:164,(anonymous_7)
FN:167,(anonymous_8)
FN:185,(anonymous_9)
FN:193,(anonymous_10)
FN:200,(anonymous_11)
FN:243,(anonymous_12)
FN:245,(anonymous_13)
FN:249,(anonymous_14)
FN:255,(anonymous_15)
FN:260,(anonymous_16)
FN:262,(anonymous_17)
FNF:18
FNH:13
FNDA:28,(anonymous_0)
FNDA:17,(anonymous_1)
FNDA:18,(anonymous_2)
FNDA:3,(anonymous_3)
FNDA:3,(anonymous_4)
FNDA:3,(anonymous_5)
FNDA:16,(anonymous_6)
FNDA:2,(anonymous_7)
FNDA:13,(anonymous_8)
FNDA:1,(anonymous_9)
FNDA:1,(anonymous_10)
FNDA:3,(anonymous_11)
FNDA:0,(anonymous_12)
FNDA:0,(anonymous_13)
FNDA:0,(anonymous_14)
FNDA:0,(anonymous_15)
FNDA:1,(anonymous_16)
FNDA:0,(anonymous_17)
DA:24,28
DA:26,28
DA:30,28
DA:32,28
DA:33,24
DA:41,17
DA:43,15
DA:53,18
DA:55,16
DA:56,16
DA:57,1
DA:60,1
DA:63,15
DA:64,15
DA:71,15
DA:72,15
DA:75,15
DA:76,2
DA:82,15
DA:93,3
DA:94,1
DA:97,2
DA:98,2
DA:99,2
DA:100,1
DA:101,1
DA:103,1
DA:104,1
DA:116,3
DA:117,1
DA:120,2
DA:121,2
DA:122,2
DA:123,1
DA:124,1
DA:126,1
DA:127,1
DA:135,3
DA:136,2
DA:139,1
DA:140,1
DA:151,16
DA:152,5
DA:163,11
DA:164,2
DA:166,11
DA:167,13
DA:171,11
DA:186,1
DA:187,1
DA:194,1
DA:201,3
DA:203,2
DA:204,2
DA:205,1
DA:206,1
DA:209,1
DA:210,1
DA:211,1
DA:215,1
DA:216,1
DA:221,1
DA:222,1
DA:227,1
DA:228,1
DA:229,0
DA:232,1
DA:237,1
DA:240,1
DA:243,1
DA:244,0
DA:245,1
DA:248,0
DA:249,1
DA:254,0
DA:255,1
DA:259,0
DA:260,1
DA:261,1
DA:262,1
DA:263,0
LF:81
LH:75
BRDA:30,0,0,28
BRDA:30,0,1,0
BRDA:32,1,0,24
BRDA:41,2,0,2
BRDA:53,3,0,2
BRDA:56,4,0,1
BRDA:75,5,0,2
BRDA:93,6,0,1
BRDA:116,7,0,1
BRDA:135,8,0,2
BRDA:135,9,0,3
BRDA:135,9,1,3
BRDA:151,10,0,5
BRDA:201,11,0,1
BRDA:204,12,0,1
BRDA:215,13,0,1
BRDA:221,14,0,1
BRDA:228,15,0,0
BRF:18
BRH:16
end_of_record
